{"/home/travis/build/npmtest/node-npmtest-steam-tradeoffers/test.js":{"path":"/home/travis/build/npmtest/node-npmtest-steam-tradeoffers/test.js","s":{"1":2,"2":2,"3":2,"4":2,"5":2,"6":2,"7":2,"8":1,"9":2,"10":2,"11":1,"12":1,"13":1,"14":1,"15":2,"16":2,"17":2,"18":2,"19":1,"20":1,"21":2,"22":2,"23":2,"24":1,"25":1,"26":1,"27":1,"28":1,"29":1,"30":1,"31":1,"32":1,"33":1,"34":1,"35":1,"36":1,"37":1,"38":1,"39":2,"40":2,"41":1,"42":2,"43":2,"44":1,"45":2,"46":2,"47":1,"48":2,"49":2,"50":1,"51":1,"52":1,"53":1,"54":1},"b":{"1":[2,1,1,1],"2":[1,1,1,1],"3":[1,1],"4":[1,1],"5":[1,1],"6":[1,1],"7":[1,1],"8":[1,1],"9":[1,1],"10":[1,1,1],"11":[1,1],"12":[1,1],"13":[1,1],"14":[1,1],"15":[1,1],"16":[1,1],"17":[1,1]},"f":{"1":2,"2":2,"3":2,"4":2,"5":2,"6":1,"7":1,"8":1,"9":2,"10":2,"11":2,"12":2,"13":1},"fnMap":{"1":{"name":"(anonymous_1)","line":12,"loc":{"start":{"line":12,"column":1},"end":{"line":12,"column":13}}},"2":{"name":"(anonymous_2)","line":19,"loc":{"start":{"line":19,"column":5},"end":{"line":19,"column":17}}},"3":{"name":"(anonymous_3)","line":23,"loc":{"start":{"line":23,"column":24},"end":{"line":23,"column":36}}},"4":{"name":"(anonymous_4)","line":61,"loc":{"start":{"line":61,"column":5},"end":{"line":61,"column":17}}},"5":{"name":"(anonymous_5)","line":82,"loc":{"start":{"line":82,"column":5},"end":{"line":82,"column":17}}},"6":{"name":"(anonymous_6)","line":91,"loc":{"start":{"line":91,"column":77},"end":{"line":94,"column":10}}},"7":{"name":"(anonymous_7)","line":112,"loc":{"start":{"line":112,"column":83},"end":{"line":115,"column":10}},"skip":true},"8":{"name":"(anonymous_8)","line":123,"loc":{"start":{"line":123,"column":77},"end":{"line":126,"column":10}},"skip":true},"9":{"name":"(anonymous_9)","line":139,"loc":{"start":{"line":139,"column":12},"end":{"line":139,"column":40}},"skip":true},"10":{"name":"(anonymous_10)","line":147,"loc":{"start":{"line":147,"column":77},"end":{"line":150,"column":10}},"skip":true},"11":{"name":"(anonymous_11)","line":158,"loc":{"start":{"line":158,"column":83},"end":{"line":161,"column":10}},"skip":true},"12":{"name":"(anonymous_12)","line":169,"loc":{"start":{"line":169,"column":79},"end":{"line":172,"column":10}},"skip":true},"13":{"name":"(anonymous_13)","line":180,"loc":{"start":{"line":180,"column":75},"end":{"line":183,"column":10}},"skip":true}},"statementMap":{"1":{"start":{"line":12,"column":0},"end":{"line":195,"column":5}},"2":{"start":{"line":14,"column":4},"end":{"line":14,"column":14}},"3":{"start":{"line":19,"column":4},"end":{"line":56,"column":9}},"4":{"start":{"line":21,"column":8},"end":{"line":21,"column":19}},"5":{"start":{"line":23,"column":8},"end":{"line":35,"column":13}},"6":{"start":{"line":24,"column":12},"end":{"line":34,"column":13}},"7":{"start":{"line":25,"column":16},"end":{"line":28,"column":30}},"8":{"start":{"line":30,"column":16},"end":{"line":33,"column":27}},"9":{"start":{"line":37,"column":8},"end":{"line":39,"column":21}},"10":{"start":{"line":40,"column":8},"end":{"line":53,"column":9}},"11":{"start":{"line":43,"column":12},"end":{"line":46,"column":14}},"12":{"start":{"line":47,"column":12},"end":{"line":47,"column":18}},"13":{"start":{"line":50,"column":12},"end":{"line":51,"column":46}},"14":{"start":{"line":52,"column":12},"end":{"line":52,"column":18}},"15":{"start":{"line":55,"column":8},"end":{"line":55,"column":35}},"16":{"start":{"line":61,"column":4},"end":{"line":63,"column":9}},"17":{"start":{"line":62,"column":8},"end":{"line":62,"column":15}},"18":{"start":{"line":64,"column":4},"end":{"line":77,"column":5}},"19":{"start":{"line":70,"column":8},"end":{"line":70,"column":14}},"20":{"start":{"line":76,"column":8},"end":{"line":76,"column":14}},"21":{"start":{"line":82,"column":4},"end":{"line":84,"column":9}},"22":{"start":{"line":83,"column":8},"end":{"line":83,"column":15}},"23":{"start":{"line":85,"column":4},"end":{"line":194,"column":5}},"24":{"start":{"line":91,"column":8},"end":{"line":99,"column":10}},"25":{"start":{"line":98,"column":12},"end":{"line":98,"column":35}},"26":{"start":{"line":102,"column":8},"end":{"line":104,"column":63}},"27":{"start":{"line":105,"column":8},"end":{"line":105,"column":14}},"28":{"start":{"line":112,"column":8},"end":{"line":121,"column":10},"skip":true},"29":{"start":{"line":119,"column":12},"end":{"line":119,"column":55},"skip":true},"30":{"start":{"line":120,"column":12},"end":{"line":120,"column":48},"skip":true},"31":{"start":{"line":123,"column":8},"end":{"line":136,"column":10},"skip":true},"32":{"start":{"line":130,"column":12},"end":{"line":130,"column":76},"skip":true},"33":{"start":{"line":131,"column":12},"end":{"line":131,"column":73},"skip":true},"34":{"start":{"line":132,"column":12},"end":{"line":132,"column":74},"skip":true},"35":{"start":{"line":133,"column":12},"end":{"line":133,"column":79},"skip":true},"36":{"start":{"line":134,"column":12},"end":{"line":134,"column":25},"skip":true},"37":{"start":{"line":135,"column":12},"end":{"line":135,"column":45},"skip":true},"38":{"start":{"line":138,"column":8},"end":{"line":145,"column":14},"skip":true},"39":{"start":{"line":143,"column":16},"end":{"line":143,"column":29},"skip":true},"40":{"start":{"line":144,"column":16},"end":{"line":144,"column":55},"skip":true},"41":{"start":{"line":147,"column":8},"end":{"line":156,"column":10},"skip":true},"42":{"start":{"line":154,"column":12},"end":{"line":154,"column":25},"skip":true},"43":{"start":{"line":155,"column":12},"end":{"line":155,"column":45},"skip":true},"44":{"start":{"line":158,"column":8},"end":{"line":167,"column":10},"skip":true},"45":{"start":{"line":165,"column":12},"end":{"line":165,"column":25},"skip":true},"46":{"start":{"line":166,"column":12},"end":{"line":166,"column":48},"skip":true},"47":{"start":{"line":169,"column":8},"end":{"line":178,"column":10},"skip":true},"48":{"start":{"line":176,"column":12},"end":{"line":176,"column":25},"skip":true},"49":{"start":{"line":177,"column":12},"end":{"line":177,"column":46},"skip":true},"50":{"start":{"line":180,"column":8},"end":{"line":189,"column":10},"skip":true},"51":{"start":{"line":187,"column":12},"end":{"line":187,"column":94},"skip":true},"52":{"start":{"line":188,"column":12},"end":{"line":188,"column":48},"skip":true},"53":{"start":{"line":192,"column":8},"end":{"line":192,"column":35},"skip":true},"54":{"start":{"line":193,"column":8},"end":{"line":193,"column":14},"skip":true}},"branchMap":{"1":{"line":25,"type":"binary-expr","locations":[{"start":{"line":25,"column":23},"end":{"line":25,"column":62}},{"start":{"line":26,"column":20},"end":{"line":26,"column":70}},{"start":{"line":27,"column":20},"end":{"line":27,"column":71}},{"start":{"line":28,"column":20},"end":{"line":28,"column":29}}]},"2":{"line":30,"type":"binary-expr","locations":[{"start":{"line":30,"column":23},"end":{"line":30,"column":37}},{"start":{"line":31,"column":20},"end":{"line":31,"column":61}},{"start":{"line":32,"column":20},"end":{"line":32,"column":70}},{"start":{"line":33,"column":20},"end":{"line":33,"column":26}}]},"3":{"line":37,"type":"cond-expr","locations":[{"start":{"line":38,"column":14},"end":{"line":38,"column":20}},{"start":{"line":39,"column":14},"end":{"line":39,"column":20}}]},"4":{"line":40,"type":"switch","locations":[{"start":{"line":42,"column":8},"end":{"line":47,"column":18}},{"start":{"line":49,"column":8},"end":{"line":52,"column":18}}]},"5":{"line":44,"type":"binary-expr","locations":[{"start":{"line":44,"column":16},"end":{"line":44,"column":44}},{"start":{"line":44,"column":48},"end":{"line":44,"column":66}}]},"6":{"line":50,"type":"binary-expr","locations":[{"start":{"line":50,"column":21},"end":{"line":50,"column":49}},{"start":{"line":50,"column":53},"end":{"line":50,"column":72}}]},"7":{"line":64,"type":"switch","locations":[{"start":{"line":69,"column":4},"end":{"line":70,"column":14}},{"start":{"line":75,"column":4},"end":{"line":76,"column":14}}]},"8":{"line":85,"type":"switch","locations":[{"start":{"line":90,"column":4},"end":{"line":105,"column":14}},{"start":{"line":111,"column":4},"end":{"line":193,"column":14},"skip":true}]},"9":{"line":91,"type":"binary-expr","locations":[{"start":{"line":91,"column":42},"end":{"line":91,"column":73}},{"start":{"line":91,"column":77},"end":{"line":99,"column":9}}]},"10":{"line":102,"type":"binary-expr","locations":[{"start":{"line":102,"column":18},"end":{"line":102,"column":32}},{"start":{"line":103,"column":12},"end":{"line":103,"column":53}},{"start":{"line":104,"column":12},"end":{"line":104,"column":61}}]},"11":{"line":112,"type":"binary-expr","locations":[{"start":{"line":112,"column":45},"end":{"line":112,"column":79},"skip":true},{"start":{"line":112,"column":83},"end":{"line":121,"column":9},"skip":true}]},"12":{"line":123,"type":"binary-expr","locations":[{"start":{"line":123,"column":42},"end":{"line":123,"column":73},"skip":true},{"start":{"line":123,"column":77},"end":{"line":136,"column":9},"skip":true}]},"13":{"line":138,"type":"binary-expr","locations":[{"start":{"line":138,"column":48},"end":{"line":138,"column":85},"skip":true},{"start":{"line":139,"column":12},"end":{"line":145,"column":13},"skip":true}]},"14":{"line":147,"type":"binary-expr","locations":[{"start":{"line":147,"column":42},"end":{"line":147,"column":73},"skip":true},{"start":{"line":147,"column":77},"end":{"line":156,"column":9},"skip":true}]},"15":{"line":158,"type":"binary-expr","locations":[{"start":{"line":158,"column":45},"end":{"line":158,"column":79},"skip":true},{"start":{"line":158,"column":83},"end":{"line":167,"column":9},"skip":true}]},"16":{"line":169,"type":"binary-expr","locations":[{"start":{"line":169,"column":43},"end":{"line":169,"column":75},"skip":true},{"start":{"line":169,"column":79},"end":{"line":178,"column":9},"skip":true}]},"17":{"line":180,"type":"binary-expr","locations":[{"start":{"line":180,"column":41},"end":{"line":180,"column":71},"skip":true},{"start":{"line":180,"column":75},"end":{"line":189,"column":9},"skip":true}]}},"code":["/* istanbul instrument in package npmtest_steam_tradeoffers */","/*jslint","    bitwise: true,","    browser: true,","    maxerr: 8,","    maxlen: 96,","    node: true,","    nomen: true,","    regexp: true,","    stupid: true","*/","(function () {","    'use strict';","    var local;","","","","    // run shared js-env code - pre-init","    (function () {","        // init local","        local = {};","        // init modeJs","        local.modeJs = (function () {","            try {","                return typeof navigator.userAgent === 'string' &&","                    typeof document.querySelector('body') === 'object' &&","                    typeof XMLHttpRequest.prototype.open === 'function' &&","                    'browser';","            } catch (errorCaughtBrowser) {","                return module.exports &&","                    typeof process.versions.node === 'string' &&","                    typeof require('http').createServer === 'function' &&","                    'node';","            }","        }());","        // init global","        local.global = local.modeJs === 'browser'","            ? window","            : global;","        switch (local.modeJs) {","        // re-init local from window.local","        case 'browser':","            local = local.global.utility2.objectSetDefault(","                local.global.utility2_rollup || local.global.local,","                local.global.utility2","            );","            break;","        // re-init local from example.js","        case 'node':","            local = (local.global.utility2_rollup || require('utility2'))","                .requireExampleJsFromReadme();","            break;","        }","        // export local","        local.global.local = local;","    }());","","","","    // run shared js-env code - function","    (function () {","        return;","    }());","    switch (local.modeJs) {","","","","    // run browser js-env code - function","    case 'browser':","        break;","","","","    // run node js-env code - function","    case 'node':","        break;","    }","","","","    // run shared js-env code - post-init","    (function () {","        return;","    }());","    switch (local.modeJs) {","","","","    // run browser js-env code - post-init","    case 'browser':","        local.testCase_browser_nullCase = local.testCase_browser_nullCase || function (","            options,","            onError","        ) {","        /*","         * this function will test browsers's null-case handling-behavior-behavior","         */","            onError(null, options);","        };","","        // run tests","        local.nop(local.modeTest &&","            document.querySelector('#testRunButton1') &&","            document.querySelector('#testRunButton1').click());","        break;","","","","    // run node js-env code - post-init","    /* istanbul ignore next */","    case 'node':","        local.testCase_buildApidoc_default = local.testCase_buildApidoc_default || function (","            options,","            onError","        ) {","        /*","         * this function will test buildApidoc's default handling-behavior-behavior","         */","            options = { modulePathList: module.paths };","            local.buildApidoc(options, onError);","        };","","        local.testCase_buildApp_default = local.testCase_buildApp_default || function (","            options,","            onError","        ) {","        /*","         * this function will test buildApp's default handling-behavior-behavior","         */","            local.testCase_buildReadme_default(options, local.onErrorThrow);","            local.testCase_buildLib_default(options, local.onErrorThrow);","            local.testCase_buildTest_default(options, local.onErrorThrow);","            local.testCase_buildCustomOrg_default(options, local.onErrorThrow);","            options = [];","            local.buildApp(options, onError);","        };","","        local.testCase_buildCustomOrg_default = local.testCase_buildCustomOrg_default ||","            function (options, onError) {","            /*","             * this function will test buildCustomOrg's default handling-behavior","             */","                options = {};","                local.buildCustomOrg(options, onError);","            };","","        local.testCase_buildLib_default = local.testCase_buildLib_default || function (","            options,","            onError","        ) {","        /*","         * this function will test buildLib's default handling-behavior","         */","            options = {};","            local.buildLib(options, onError);","        };","","        local.testCase_buildReadme_default = local.testCase_buildReadme_default || function (","            options,","            onError","        ) {","        /*","         * this function will test buildReadme's default handling-behavior-behavior","         */","            options = {};","            local.buildReadme(options, onError);","        };","","        local.testCase_buildTest_default = local.testCase_buildTest_default || function (","            options,","            onError","        ) {","        /*","         * this function will test buildTest's default handling-behavior","         */","            options = {};","            local.buildTest(options, onError);","        };","","        local.testCase_webpage_default = local.testCase_webpage_default || function (","            options,","            onError","        ) {","        /*","         * this function will test webpage's default handling-behavior","         */","            options = { modeCoverageMerge: true, url: local.serverLocalHost + '?modeTest=1' };","            local.browserTest(options, onError);","        };","","        // run test-server","        local.testRunServer(local);","        break;","    }","}());",""],"l":{"12":2,"14":2,"19":2,"21":2,"23":2,"24":2,"25":2,"30":1,"37":2,"40":2,"43":1,"47":1,"50":1,"52":1,"55":2,"61":2,"62":2,"64":2,"70":1,"76":1,"82":2,"83":2,"85":2,"91":1,"98":1,"102":1,"105":1,"112":1,"119":1,"120":1,"123":1,"130":1,"131":1,"132":1,"133":1,"134":1,"135":1,"138":1,"143":2,"144":2,"147":1,"154":2,"155":2,"158":1,"165":2,"166":2,"169":1,"176":2,"177":2,"180":1,"187":1,"188":1,"192":1,"193":1}},"/home/travis/build/npmtest/node-npmtest-steam-tradeoffers/lib.npmtest_steam_tradeoffers.js":{"path":"/home/travis/build/npmtest/node-npmtest-steam-tradeoffers/lib.npmtest_steam_tradeoffers.js","s":{"1":2,"2":2,"3":2,"4":2,"5":2,"6":2,"7":2,"8":1,"9":2,"10":2,"11":2,"12":2,"13":1,"14":1,"15":1,"16":1},"b":{"1":[2,1,1,1],"2":[1,1,1,1],"3":[1,1],"4":[2,2],"5":[1,1]},"f":{"1":2,"2":2,"3":2},"fnMap":{"1":{"name":"(anonymous_1)","line":12,"loc":{"start":{"line":12,"column":1},"end":{"line":12,"column":13}}},"2":{"name":"(anonymous_2)","line":19,"loc":{"start":{"line":19,"column":5},"end":{"line":19,"column":17}}},"3":{"name":"(anonymous_3)","line":23,"loc":{"start":{"line":23,"column":24},"end":{"line":23,"column":36}}}},"statementMap":{"1":{"start":{"line":12,"column":0},"end":{"line":53,"column":5}},"2":{"start":{"line":14,"column":4},"end":{"line":14,"column":14}},"3":{"start":{"line":19,"column":4},"end":{"line":52,"column":9}},"4":{"start":{"line":21,"column":8},"end":{"line":21,"column":19}},"5":{"start":{"line":23,"column":8},"end":{"line":35,"column":13}},"6":{"start":{"line":24,"column":12},"end":{"line":34,"column":13}},"7":{"start":{"line":25,"column":16},"end":{"line":28,"column":30}},"8":{"start":{"line":30,"column":16},"end":{"line":33,"column":27}},"9":{"start":{"line":37,"column":8},"end":{"line":39,"column":21}},"10":{"start":{"line":41,"column":8},"end":{"line":41,"column":54}},"11":{"start":{"line":43,"column":8},"end":{"line":43,"column":62}},"12":{"start":{"line":45,"column":8},"end":{"line":51,"column":9}},"13":{"start":{"line":46,"column":12},"end":{"line":46,"column":68}},"14":{"start":{"line":48,"column":12},"end":{"line":48,"column":35}},"15":{"start":{"line":49,"column":12},"end":{"line":49,"column":49}},"16":{"start":{"line":50,"column":12},"end":{"line":50,"column":43}}},"branchMap":{"1":{"line":25,"type":"binary-expr","locations":[{"start":{"line":25,"column":23},"end":{"line":25,"column":62}},{"start":{"line":26,"column":20},"end":{"line":26,"column":70}},{"start":{"line":27,"column":20},"end":{"line":27,"column":71}},{"start":{"line":28,"column":20},"end":{"line":28,"column":29}}]},"2":{"line":30,"type":"binary-expr","locations":[{"start":{"line":30,"column":23},"end":{"line":30,"column":37}},{"start":{"line":31,"column":20},"end":{"line":31,"column":61}},{"start":{"line":32,"column":20},"end":{"line":32,"column":70}},{"start":{"line":33,"column":20},"end":{"line":33,"column":26}}]},"3":{"line":37,"type":"cond-expr","locations":[{"start":{"line":38,"column":14},"end":{"line":38,"column":20}},{"start":{"line":39,"column":14},"end":{"line":39,"column":20}}]},"4":{"line":41,"type":"binary-expr","locations":[{"start":{"line":41,"column":16},"end":{"line":41,"column":44}},{"start":{"line":41,"column":48},"end":{"line":41,"column":53}}]},"5":{"line":45,"type":"if","locations":[{"start":{"line":45,"column":8},"end":{"line":45,"column":8}},{"start":{"line":45,"column":8},"end":{"line":45,"column":8}}]}},"code":["/* istanbul instrument in package npmtest_steam_tradeoffers */","/*jslint","    bitwise: true,","    browser: true,","    maxerr: 8,","    maxlen: 96,","    node: true,","    nomen: true,","    regexp: true,","    stupid: true","*/","(function () {","    'use strict';","    var local;","","","","    // run shared js-env code - pre-init","    (function () {","        // init local","        local = {};","        // init modeJs","        local.modeJs = (function () {","            try {","                return typeof navigator.userAgent === 'string' &&","                    typeof document.querySelector('body') === 'object' &&","                    typeof XMLHttpRequest.prototype.open === 'function' &&","                    'browser';","            } catch (errorCaughtBrowser) {","                return module.exports &&","                    typeof process.versions.node === 'string' &&","                    typeof require('http').createServer === 'function' &&","                    'node';","            }","        }());","        // init global","        local.global = local.modeJs === 'browser'","            ? window","            : global;","        // init utility2_rollup","        local = local.global.utility2_rollup || local;","        // init lib","        local.local = local.npmtest_steam_tradeoffers = local;","        // init exports","        if (local.modeJs === 'browser') {","            local.global.utility2_npmtest_steam_tradeoffers = local;","        } else {","            module.exports = local;","            module.exports.__dirname = __dirname;","            module.exports.module = module;","        }","    }());","}());",""],"l":{"12":2,"14":2,"19":2,"21":2,"23":2,"24":2,"25":2,"30":1,"37":2,"41":2,"43":2,"45":2,"46":1,"48":1,"49":1,"50":1}},"/home/travis/build/npmtest/node-npmtest-steam-tradeoffers/example.js":{"path":"/home/travis/build/npmtest/node-npmtest-steam-tradeoffers/example.js","s":{"1":2,"2":2,"3":2,"4":2,"5":2,"6":2,"7":2,"8":1,"9":2,"10":2,"11":2,"12":2,"13":1,"14":2,"15":2,"16":2,"17":2,"18":2,"19":0,"20":2,"21":1,"22":1,"23":1,"24":1,"25":1,"26":0,"27":0,"28":1,"29":1,"30":2,"31":0,"32":0,"33":0,"34":1,"35":2,"36":2,"37":3,"38":3,"39":3,"40":3,"41":0,"42":3,"43":3,"44":3,"45":1,"46":3,"47":1,"48":1,"49":1,"50":1,"51":1,"52":1,"53":1,"54":1,"55":1,"56":1,"57":0,"58":1,"59":6,"60":6,"61":1,"62":2,"63":0,"64":2,"65":1,"66":1,"67":0,"68":0,"69":0,"70":0,"71":0,"72":0,"73":0,"74":0,"75":0,"76":0,"77":0,"78":0,"79":0,"80":0,"81":0,"82":0,"83":0},"b":{"1":[2,1,1,1],"2":[1,1,1,1],"3":[1,1],"4":[2,2],"5":[1,1],"6":[1,1],"7":[2,0],"8":[2,1,1,1,1,1],"9":[0,2,0],"10":[1,1],"11":[2,1,1],"12":[1,0],"13":[0,2],"14":[2,0,0,0,0,0,0],"15":[0,3],"16":[3,0],"17":[1,1],"18":[0,1],"19":[1,2,0,2],"20":[1,0],"21":[1,1],"22":[0,0],"23":[0,0],"24":[0,0],"25":[0,0],"26":[0,0],"27":[0,0],"28":[0,0]},"f":{"1":2,"2":2,"3":2,"4":2,"5":2,"6":2,"7":3,"8":3,"9":3,"10":1,"11":6,"12":0},"fnMap":{"1":{"name":"(anonymous_1)","line":26,"loc":{"start":{"line":26,"column":1},"end":{"line":26,"column":13}}},"2":{"name":"(anonymous_2)","line":33,"loc":{"start":{"line":33,"column":5},"end":{"line":33,"column":17}}},"3":{"name":"(anonymous_3)","line":37,"loc":{"start":{"line":37,"column":24},"end":{"line":37,"column":36}}},"4":{"name":"(anonymous_4)","line":69,"loc":{"start":{"line":69,"column":31},"end":{"line":69,"column":48}},"skip":true},"5":{"name":"(anonymous_5)","line":78,"loc":{"start":{"line":78,"column":26},"end":{"line":78,"column":45}},"skip":true},"6":{"name":"(anonymous_6)","line":123,"loc":{"start":{"line":123,"column":33},"end":{"line":123,"column":48}},"skip":true},"7":{"name":"(anonymous_7)","line":125,"loc":{"start":{"line":125,"column":27},"end":{"line":125,"column":39}},"skip":true},"8":{"name":"(anonymous_8)","line":133,"loc":{"start":{"line":133,"column":59},"end":{"line":133,"column":74}},"skip":true},"9":{"name":"(anonymous_9)","line":143,"loc":{"start":{"line":143,"column":45},"end":{"line":143,"column":62}},"skip":true},"10":{"name":"(anonymous_10)","line":144,"loc":{"start":{"line":144,"column":73},"end":{"line":144,"column":92}},"skip":true},"11":{"name":"(anonymous_11)","line":272,"loc":{"start":{"line":272,"column":51},"end":{"line":272,"column":77}},"skip":true},"12":{"name":"(anonymous_12)","line":315,"loc":{"start":{"line":315,"column":32},"end":{"line":315,"column":61}},"skip":true}},"statementMap":{"1":{"start":{"line":26,"column":0},"end":{"line":326,"column":5}},"2":{"start":{"line":28,"column":4},"end":{"line":28,"column":14}},"3":{"start":{"line":33,"column":4},"end":{"line":60,"column":9}},"4":{"start":{"line":35,"column":8},"end":{"line":35,"column":19}},"5":{"start":{"line":37,"column":8},"end":{"line":49,"column":13}},"6":{"start":{"line":38,"column":12},"end":{"line":48,"column":13}},"7":{"start":{"line":39,"column":16},"end":{"line":42,"column":30}},"8":{"start":{"line":44,"column":16},"end":{"line":47,"column":27}},"9":{"start":{"line":51,"column":8},"end":{"line":53,"column":21}},"10":{"start":{"line":55,"column":8},"end":{"line":57,"column":45}},"11":{"start":{"line":59,"column":8},"end":{"line":59,"column":35}},"12":{"start":{"line":61,"column":4},"end":{"line":325,"column":5}},"13":{"start":{"line":69,"column":8},"end":{"line":121,"column":10},"skip":true},"14":{"start":{"line":70,"column":12},"end":{"line":88,"column":13},"skip":true},"15":{"start":{"line":76,"column":16},"end":{"line":87,"column":19},"skip":true},"16":{"start":{"line":79,"column":20},"end":{"line":86,"column":21},"skip":true},"17":{"start":{"line":82,"column":24},"end":{"line":82,"column":43},"skip":true},"18":{"start":{"line":83,"column":24},"end":{"line":83,"column":30},"skip":true},"19":{"start":{"line":85,"column":24},"end":{"line":85,"column":49},"skip":true},"20":{"start":{"line":89,"column":12},"end":{"line":107,"column":13},"skip":true},"21":{"start":{"line":92,"column":16},"end":{"line":102,"column":17},"skip":true},"22":{"start":{"line":93,"column":20},"end":{"line":93,"column":86},"skip":true},"23":{"start":{"line":94,"column":20},"end":{"line":95,"column":45},"skip":true},"24":{"start":{"line":96,"column":20},"end":{"line":96,"column":42},"skip":true},"25":{"start":{"line":97,"column":20},"end":{"line":97,"column":48},"skip":true},"26":{"start":{"line":100,"column":20},"end":{"line":100,"column":85},"skip":true},"27":{"start":{"line":101,"column":20},"end":{"line":101,"column":96},"skip":true},"28":{"start":{"line":103,"column":16},"end":{"line":103,"column":22},"skip":true},"29":{"start":{"line":106,"column":16},"end":{"line":106,"column":22},"skip":true},"30":{"start":{"line":108,"column":12},"end":{"line":120,"column":13},"skip":true},"31":{"start":{"line":114,"column":16},"end":{"line":119,"column":17},"skip":true},"32":{"start":{"line":116,"column":20},"end":{"line":116,"column":78},"skip":true},"33":{"start":{"line":118,"column":20},"end":{"line":118,"column":47},"skip":true},"34":{"start":{"line":123,"column":8},"end":{"line":141,"column":11},"skip":true},"35":{"start":{"line":124,"column":12},"end":{"line":124,"column":54},"skip":true},"36":{"start":{"line":125,"column":12},"end":{"line":140,"column":14},"skip":true},"37":{"start":{"line":126,"column":16},"end":{"line":126,"column":28},"skip":true},"38":{"start":{"line":127,"column":16},"end":{"line":127,"column":69},"skip":true},"39":{"start":{"line":128,"column":16},"end":{"line":128,"column":75},"skip":true},"40":{"start":{"line":129,"column":16},"end":{"line":131,"column":17},"skip":true},"41":{"start":{"line":130,"column":20},"end":{"line":130,"column":27},"skip":true},"42":{"start":{"line":133,"column":16},"end":{"line":137,"column":36},"skip":true},"43":{"start":{"line":134,"column":20},"end":{"line":136,"column":55},"skip":true},"44":{"start":{"line":139,"column":16},"end":{"line":139,"column":57},"skip":true},"45":{"start":{"line":143,"column":8},"end":{"line":147,"column":11},"skip":true},"46":{"start":{"line":144,"column":12},"end":{"line":146,"column":15},"skip":true},"47":{"start":{"line":145,"column":16},"end":{"line":145,"column":70},"skip":true},"48":{"start":{"line":149,"column":8},"end":{"line":149,"column":31},"skip":true},"49":{"start":{"line":150,"column":8},"end":{"line":150,"column":14},"skip":true},"50":{"start":{"line":158,"column":8},"end":{"line":158,"column":31},"skip":true},"51":{"start":{"line":160,"column":8},"end":{"line":160,"column":33},"skip":true},"52":{"start":{"line":161,"column":8},"end":{"line":161,"column":37},"skip":true},"53":{"start":{"line":162,"column":8},"end":{"line":162,"column":35},"skip":true},"54":{"start":{"line":164,"column":8},"end":{"line":164,"column":50},"skip":true},"55":{"start":{"line":166,"column":8},"end":{"line":256,"column":2},"skip":true},"56":{"start":{"line":258,"column":8},"end":{"line":286,"column":9},"skip":true},"57":{"start":{"line":259,"column":12},"end":{"line":269,"column":14},"skip":true},"58":{"start":{"line":271,"column":12},"end":{"line":285,"column":19},"skip":true},"59":{"start":{"line":274,"column":20},"end":{"line":274,"column":35},"skip":true},"60":{"start":{"line":275,"column":20},"end":{"line":284,"column":21},"skip":true},"61":{"start":{"line":277,"column":24},"end":{"line":277,"column":64},"skip":true},"62":{"start":{"line":279,"column":24},"end":{"line":279,"column":40},"skip":true},"63":{"start":{"line":281,"column":24},"end":{"line":281,"column":40},"skip":true},"64":{"start":{"line":283,"column":24},"end":{"line":283,"column":39},"skip":true},"65":{"start":{"line":288,"column":8},"end":{"line":290,"column":9},"skip":true},"66":{"start":{"line":289,"column":12},"end":{"line":289,"column":18},"skip":true},"67":{"start":{"line":291,"column":8},"end":{"line":293,"column":54},"skip":true},"68":{"start":{"line":296,"column":8},"end":{"line":301,"column":37},"skip":true},"69":{"start":{"line":303,"column":8},"end":{"line":303,"column":82},"skip":true},"70":{"start":{"line":306,"column":8},"end":{"line":308,"column":9},"skip":true},"71":{"start":{"line":307,"column":12},"end":{"line":307,"column":82},"skip":true},"72":{"start":{"line":310,"column":8},"end":{"line":312,"column":9},"skip":true},"73":{"start":{"line":311,"column":12},"end":{"line":311,"column":18},"skip":true},"74":{"start":{"line":313,"column":8},"end":{"line":313,"column":54},"skip":true},"75":{"start":{"line":314,"column":8},"end":{"line":314,"column":69},"skip":true},"76":{"start":{"line":315,"column":8},"end":{"line":323,"column":36},"skip":true},"77":{"start":{"line":316,"column":12},"end":{"line":316,"column":61},"skip":true},"78":{"start":{"line":317,"column":12},"end":{"line":320,"column":13},"skip":true},"79":{"start":{"line":318,"column":16},"end":{"line":318,"column":75},"skip":true},"80":{"start":{"line":319,"column":16},"end":{"line":319,"column":23},"skip":true},"81":{"start":{"line":321,"column":12},"end":{"line":321,"column":38},"skip":true},"82":{"start":{"line":322,"column":12},"end":{"line":322,"column":27},"skip":true},"83":{"start":{"line":324,"column":8},"end":{"line":324,"column":14},"skip":true}},"branchMap":{"1":{"line":39,"type":"binary-expr","locations":[{"start":{"line":39,"column":23},"end":{"line":39,"column":62}},{"start":{"line":40,"column":20},"end":{"line":40,"column":70}},{"start":{"line":41,"column":20},"end":{"line":41,"column":71}},{"start":{"line":42,"column":20},"end":{"line":42,"column":29}}]},"2":{"line":44,"type":"binary-expr","locations":[{"start":{"line":44,"column":23},"end":{"line":44,"column":37}},{"start":{"line":45,"column":20},"end":{"line":45,"column":61}},{"start":{"line":46,"column":20},"end":{"line":46,"column":70}},{"start":{"line":47,"column":20},"end":{"line":47,"column":26}}]},"3":{"line":51,"type":"cond-expr","locations":[{"start":{"line":52,"column":14},"end":{"line":52,"column":20}},{"start":{"line":53,"column":14},"end":{"line":53,"column":20}}]},"4":{"line":55,"type":"binary-expr","locations":[{"start":{"line":55,"column":16},"end":{"line":55,"column":44}},{"start":{"line":55,"column":49},"end":{"line":57,"column":43}}]},"5":{"line":55,"type":"cond-expr","locations":[{"start":{"line":56,"column":14},"end":{"line":56,"column":61}},{"start":{"line":57,"column":14},"end":{"line":57,"column":43}}]},"6":{"line":61,"type":"switch","locations":[{"start":{"line":68,"column":4},"end":{"line":150,"column":14},"skip":true},{"start":{"line":156,"column":4},"end":{"line":324,"column":14},"skip":true}]},"7":{"line":70,"type":"if","locations":[{"start":{"line":70,"column":12},"end":{"line":70,"column":12},"skip":true},{"start":{"line":70,"column":12},"end":{"line":70,"column":12},"skip":true}]},"8":{"line":70,"type":"binary-expr","locations":[{"start":{"line":70,"column":16},"end":{"line":70,"column":22},"skip":true},{"start":{"line":70,"column":27},"end":{"line":70,"column":32},"skip":true},{"start":{"line":71,"column":20},"end":{"line":71,"column":39},"skip":true},{"start":{"line":72,"column":20},"end":{"line":72,"column":49},"skip":true},{"start":{"line":73,"column":20},"end":{"line":73,"column":58},"skip":true},{"start":{"line":74,"column":20},"end":{"line":74,"column":69},"skip":true}]},"9":{"line":79,"type":"switch","locations":[{"start":{"line":80,"column":20},"end":{"line":80,"column":33},"skip":true},{"start":{"line":81,"column":20},"end":{"line":83,"column":30},"skip":true},{"start":{"line":84,"column":20},"end":{"line":85,"column":49},"skip":true}]},"10":{"line":89,"type":"switch","locations":[{"start":{"line":90,"column":12},"end":{"line":103,"column":22},"skip":true},{"start":{"line":105,"column":12},"end":{"line":106,"column":22},"skip":true}]},"11":{"line":89,"type":"binary-expr","locations":[{"start":{"line":89,"column":20},"end":{"line":89,"column":25},"skip":true},{"start":{"line":89,"column":29},"end":{"line":89,"column":48},"skip":true},{"start":{"line":89,"column":52},"end":{"line":89,"column":74},"skip":true}]},"12":{"line":92,"type":"if","locations":[{"start":{"line":92,"column":16},"end":{"line":92,"column":16},"skip":true},{"start":{"line":92,"column":16},"end":{"line":92,"column":16},"skip":true}]},"13":{"line":108,"type":"if","locations":[{"start":{"line":108,"column":12},"end":{"line":108,"column":12},"skip":true},{"start":{"line":108,"column":12},"end":{"line":108,"column":12},"skip":true}]},"14":{"line":108,"type":"binary-expr","locations":[{"start":{"line":108,"column":16},"end":{"line":108,"column":61},"skip":true},{"start":{"line":108,"column":66},"end":{"line":108,"column":72},"skip":true},{"start":{"line":108,"column":77},"end":{"line":108,"column":82},"skip":true},{"start":{"line":109,"column":20},"end":{"line":109,"column":39},"skip":true},{"start":{"line":110,"column":20},"end":{"line":110,"column":49},"skip":true},{"start":{"line":111,"column":20},"end":{"line":111,"column":58},"skip":true},{"start":{"line":112,"column":20},"end":{"line":112,"column":68},"skip":true}]},"15":{"line":129,"type":"if","locations":[{"start":{"line":129,"column":16},"end":{"line":129,"column":16},"skip":true},{"start":{"line":129,"column":16},"end":{"line":129,"column":16},"skip":true}]},"16":{"line":134,"type":"cond-expr","locations":[{"start":{"line":135,"column":26},"end":{"line":135,"column":29},"skip":true},{"start":{"line":136,"column":26},"end":{"line":136,"column":54},"skip":true}]},"17":{"line":164,"type":"binary-expr","locations":[{"start":{"line":164,"column":27},"end":{"line":164,"column":43},"skip":true},{"start":{"line":164,"column":47},"end":{"line":164,"column":49},"skip":true}]},"18":{"line":258,"type":"if","locations":[{"start":{"line":258,"column":8},"end":{"line":258,"column":8},"skip":true},{"start":{"line":258,"column":8},"end":{"line":258,"column":8},"skip":true}]},"19":{"line":275,"type":"switch","locations":[{"start":{"line":276,"column":20},"end":{"line":277,"column":64},"skip":true},{"start":{"line":278,"column":20},"end":{"line":279,"column":40},"skip":true},{"start":{"line":280,"column":20},"end":{"line":281,"column":40},"skip":true},{"start":{"line":282,"column":20},"end":{"line":283,"column":39},"skip":true}]},"20":{"line":288,"type":"if","locations":[{"start":{"line":288,"column":8},"end":{"line":288,"column":8},"skip":true},{"start":{"line":288,"column":8},"end":{"line":288,"column":8},"skip":true}]},"21":{"line":288,"type":"binary-expr","locations":[{"start":{"line":288,"column":12},"end":{"line":288,"column":40},"skip":true},{"start":{"line":288,"column":44},"end":{"line":288,"column":67},"skip":true}]},"22":{"line":292,"type":"binary-expr","locations":[{"start":{"line":292,"column":12},"end":{"line":292,"column":50},"skip":true},{"start":{"line":293,"column":12},"end":{"line":293,"column":53},"skip":true}]},"23":{"line":297,"type":"binary-expr","locations":[{"start":{"line":297,"column":12},"end":{"line":297,"column":75},"skip":true},{"start":{"line":298,"column":12},"end":{"line":301,"column":36},"skip":true}]},"24":{"line":303,"type":"binary-expr","locations":[{"start":{"line":303,"column":43},"end":{"line":303,"column":75},"skip":true},{"start":{"line":303,"column":79},"end":{"line":303,"column":81},"skip":true}]},"25":{"line":306,"type":"if","locations":[{"start":{"line":306,"column":8},"end":{"line":306,"column":8},"skip":true},{"start":{"line":306,"column":8},"end":{"line":306,"column":8},"skip":true}]},"26":{"line":310,"type":"if","locations":[{"start":{"line":310,"column":8},"end":{"line":310,"column":8},"skip":true},{"start":{"line":310,"column":8},"end":{"line":310,"column":8},"skip":true}]},"27":{"line":313,"type":"binary-expr","locations":[{"start":{"line":313,"column":27},"end":{"line":313,"column":43},"skip":true},{"start":{"line":313,"column":47},"end":{"line":313,"column":53},"skip":true}]},"28":{"line":317,"type":"if","locations":[{"start":{"line":317,"column":12},"end":{"line":317,"column":12},"skip":true},{"start":{"line":317,"column":12},"end":{"line":317,"column":12},"skip":true}]}},"code":["/*","example.js","","quickstart example","","instruction","    1. save this script as example.js","    2. run the shell command:","        $ npm install npmtest-steam-tradeoffers && PORT=8081 node example.js","    3. play with the browser-demo on http://127.0.0.1:8081","*/","","","","/* istanbul instrument in package npmtest_steam_tradeoffers */","/*jslint","    bitwise: true,","    browser: true,","    maxerr: 8,","    maxlen: 96,","    node: true,","    nomen: true,","    regexp: true,","    stupid: true","*/","(function () {","    'use strict';","    var local;","","","","    // run shared js-env code - pre-init","    (function () {","        // init local","        local = {};","        // init modeJs","        local.modeJs = (function () {","            try {","                return typeof navigator.userAgent === 'string' &&","                    typeof document.querySelector('body') === 'object' &&","                    typeof XMLHttpRequest.prototype.open === 'function' &&","                    'browser';","            } catch (errorCaughtBrowser) {","                return module.exports &&","                    typeof process.versions.node === 'string' &&","                    typeof require('http').createServer === 'function' &&","                    'node';","            }","        }());","        // init global","        local.global = local.modeJs === 'browser'","            ? window","            : global;","        // init utility2_rollup","        local = local.global.utility2_rollup || (local.modeJs === 'browser'","            ? local.global.utility2_npmtest_steam_tradeoffers","            : global.utility2_moduleExports);","        // export local","        local.global.local = local;","    }());","    switch (local.modeJs) {","","","","    // post-init","    // run browser js-env code - post-init","    /* istanbul ignore next */","    case 'browser':","        local.testRunBrowser = function (event) {","            if (!event || (event &&","                    event.currentTarget &&","                    event.currentTarget.className &&","                    event.currentTarget.className.includes &&","                    event.currentTarget.className.includes('onreset'))) {","                // reset output","                Array.from(","                    document.querySelectorAll('body > .resettable')","                ).forEach(function (element) {","                    switch (element.tagName) {","                    case 'INPUT':","                    case 'TEXTAREA':","                        element.value = '';","                        break;","                    default:","                        element.textContent = '';","                    }","                });","            }","            switch (event && event.currentTarget && event.currentTarget.id) {","            case 'testRunButton1':","                // show tests","                if (document.querySelector('#testReportDiv1').style.display === 'none') {","                    document.querySelector('#testReportDiv1').style.display = 'block';","                    document.querySelector('#testRunButton1').textContent =","                        'hide internal test';","                    local.modeTest = true;","                    local.testRunDefault(local);","                // hide tests","                } else {","                    document.querySelector('#testReportDiv1').style.display = 'none';","                    document.querySelector('#testRunButton1').textContent = 'run internal test';","                }","                break;","            // custom-case","            default:","                break;","            }","            if (document.querySelector('#inputTextareaEval1') && (!event || (event &&","                    event.currentTarget &&","                    event.currentTarget.className &&","                    event.currentTarget.className.includes &&","                    event.currentTarget.className.includes('oneval')))) {","                // try to eval input-code","                try {","                    /*jslint evil: true*/","                    eval(document.querySelector('#inputTextareaEval1').value);","                } catch (errorCaught) {","                    console.error(errorCaught);","                }","            }","        };","        // log stderr and stdout to #outputTextareaStdout1","        ['error', 'log'].forEach(function (key) {","            console[key + '_original'] = console[key];","            console[key] = function () {","                var element;","                console[key + '_original'].apply(console, arguments);","                element = document.querySelector('#outputTextareaStdout1');","                if (!element) {","                    return;","                }","                // append text to #outputTextareaStdout1","                element.value += Array.from(arguments).map(function (arg) {","                    return typeof arg === 'string'","                        ? arg","                        : JSON.stringify(arg, null, 4);","                }).join(' ') + '\\n';","                // scroll textarea to bottom","                element.scrollTop = element.scrollHeight;","            };","        });","        // init event-handling","        ['change', 'click', 'keyup'].forEach(function (event) {","            Array.from(document.querySelectorAll('.on' + event)).forEach(function (element) {","                element.addEventListener(event, local.testRunBrowser);","            });","        });","        // run tests","        local.testRunBrowser();","        break;","","","","    // run node js-env code - post-init","    /* istanbul ignore next */","    case 'node':","        // export local","        module.exports = local;","        // require modules","        local.fs = require('fs');","        local.http = require('http');","        local.url = require('url');","        // init assets","        local.assetsDict = local.assetsDict || {};","        /* jslint-ignore-begin */","        local.assetsDict['/assets.index.template.html'] = '\\","<!doctype html>\\n\\","<html lang=\"en\">\\n\\","<head>\\n\\","<meta charset=\"UTF-8\">\\n\\","<meta name=\"viewport\" content=\"width=device-width, initial-scale=1\">\\n\\","<title>{{env.npm_package_name}} (v{{env.npm_package_version}})</title>\\n\\","<style>\\n\\","/*csslint\\n\\","    box-sizing: false,\\n\\","    universal-selector: false\\n\\","*/\\n\\","* {\\n\\","    box-sizing: border-box;\\n\\","}\\n\\","body {\\n\\","    background: #dde;\\n\\","    font-family: Arial, Helvetica, sans-serif;\\n\\","    margin: 2rem;\\n\\","}\\n\\","body > * {\\n\\","    margin-bottom: 1rem;\\n\\","}\\n\\",".utility2FooterDiv {\\n\\","    margin-top: 20px;\\n\\","    text-align: center;\\n\\","}\\n\\","</style>\\n\\","<style>\\n\\","/*csslint\\n\\","*/\\n\\","textarea {\\n\\","    font-family: monospace;\\n\\","    height: 10rem;\\n\\","    width: 100%;\\n\\","}\\n\\","textarea[readonly] {\\n\\","    background: #ddd;\\n\\","}\\n\\","</style>\\n\\","</head>\\n\\","<body>\\n\\","<!-- utility2-comment\\n\\","<div id=\"ajaxProgressDiv1\" style=\"background: #d00; height: 2px; left: 0; margin: 0; padding: 0; position: fixed; top: 0; transition: background 0.5s, width 1.5s; width: 25%;\"></div>\\n\\","utility2-comment -->\\n\\","<h1>\\n\\","<!-- utility2-comment\\n\\","    <a\\n\\","        {{#if env.npm_package_homepage}}\\n\\","        href=\"{{env.npm_package_homepage}}\"\\n\\","        {{/if env.npm_package_homepage}}\\n\\","        target=\"_blank\"\\n\\","    >\\n\\","utility2-comment -->\\n\\","        {{env.npm_package_name}} (v{{env.npm_package_version}})\\n\\","<!-- utility2-comment\\n\\","    </a>\\n\\","utility2-comment -->\\n\\","</h1>\\n\\","<h3>{{env.npm_package_description}}</h3>\\n\\","<!-- utility2-comment\\n\\","<h4><a download href=\"assets.app.js\">download standalone app</a></h4>\\n\\","<button class=\"onclick onreset\" id=\"testRunButton1\">run internal test</button><br>\\n\\","<div id=\"testReportDiv1\" style=\"display: none;\"></div>\\n\\","utility2-comment -->\\n\\","\\n\\","\\n\\","\\n\\","<label>stderr and stdout</label>\\n\\","<textarea class=\"resettable\" id=\"outputTextareaStdout1\" readonly></textarea>\\n\\","<!-- utility2-comment\\n\\","{{#if isRollup}}\\n\\","<script src=\"assets.app.js\"></script>\\n\\","{{#unless isRollup}}\\n\\","utility2-comment -->\\n\\","<script src=\"assets.utility2.rollup.js\"></script>\\n\\","<script src=\"jsonp.utility2._stateInit?callback=window.utility2._stateInit\"></script>\\n\\","<script src=\"assets.npmtest_steam_tradeoffers.rollup.js\"></script>\\n\\","<script src=\"assets.example.js\"></script>\\n\\","<script src=\"assets.test.js\"></script>\\n\\","<!-- utility2-comment\\n\\","{{/if isRollup}}\\n\\","utility2-comment -->\\n\\","<div class=\"utility2FooterDiv\">\\n\\","    [ this app was created with\\n\\","    <a href=\"https://github.com/kaizhu256/node-utility2\" target=\"_blank\">utility2</a>\\n\\","    ]\\n\\","</div>\\n\\","</body>\\n\\","</html>\\n\\","';","        /* jslint-ignore-end */","        if (local.templateRender) {","            local.assetsDict['/'] = local.templateRender(","                local.assetsDict['/assets.index.template.html'],","                {","                    env: local.objectSetDefault(local.env, {","                        npm_package_description: 'the greatest app in the world!',","                        npm_package_name: 'my-app',","                        npm_package_nameAlias: 'my_app',","                        npm_package_version: '0.0.1'","                    })","                }","            );","        } else {","            local.assetsDict['/'] = local.assetsDict['/assets.index.template.html']","                .replace((/\\{\\{env\\.(\\w+?)\\}\\}/g), function (match0, match1) {","                    // jslint-hack","                    String(match0);","                    switch (match1) {","                    case 'npm_package_description':","                        return 'the greatest app in the world!';","                    case 'npm_package_name':","                        return 'my-app';","                    case 'npm_package_nameAlias':","                        return 'my_app';","                    case 'npm_package_version':","                        return '0.0.1';","                    }","                });","        }","        // run the cli","        if (local.global.utility2_rollup || module !== require.main) {","            break;","        }","        local.assetsDict['/assets.example.js'] =","            local.assetsDict['/assets.example.js'] ||","            local.fs.readFileSync(__filename, 'utf8');","        // bug-workaround - long $npm_package_buildCustomOrg","        /* jslint-ignore-begin */","        local.assetsDict['/assets.npmtest_steam_tradeoffers.rollup.js'] =","            local.assetsDict['/assets.npmtest_steam_tradeoffers.rollup.js'] ||","            local.fs.readFileSync(","                local.npmtest_steam_tradeoffers.__dirname + '/lib.npmtest_steam_tradeoffers.js',","                'utf8'","            ).replace((/^#!/), '//');","        /* jslint-ignore-end */","        local.assetsDict['/favicon.ico'] = local.assetsDict['/favicon.ico'] || '';","        // if $npm_config_timeout_exit exists,","        // then exit this process after $npm_config_timeout_exit ms","        if (Number(process.env.npm_config_timeout_exit)) {","            setTimeout(process.exit, Number(process.env.npm_config_timeout_exit));","        }","        // start server","        if (local.global.utility2_serverHttp1) {","            break;","        }","        process.env.PORT = process.env.PORT || '8081';","        console.error('server starting on port ' + process.env.PORT);","        local.http.createServer(function (request, response) {","            request.urlParsed = local.url.parse(request.url);","            if (local.assetsDict[request.urlParsed.pathname] !== undefined) {","                response.end(local.assetsDict[request.urlParsed.pathname]);","                return;","            }","            response.statusCode = 404;","            response.end();","        }).listen(process.env.PORT);","        break;","    }","}());",""],"l":{"26":2,"28":2,"33":2,"35":2,"37":2,"38":2,"39":2,"44":1,"51":2,"55":2,"59":2,"61":2,"69":1,"70":2,"76":2,"79":2,"82":2,"83":2,"85":1,"89":2,"92":1,"93":1,"94":1,"96":1,"97":1,"100":1,"101":1,"103":1,"106":1,"108":2,"114":1,"116":1,"118":1,"123":1,"124":2,"125":2,"126":3,"127":3,"128":3,"129":3,"130":1,"133":3,"134":3,"139":3,"143":1,"144":3,"145":1,"149":1,"150":1,"158":1,"160":1,"161":1,"162":1,"164":1,"166":1,"258":1,"259":1,"271":1,"274":6,"275":6,"277":1,"279":2,"281":1,"283":2,"288":1,"289":1,"291":1,"296":1,"303":1,"306":1,"307":1,"310":1,"311":1,"313":1,"314":1,"315":1,"316":1,"317":1,"318":1,"319":1,"321":1,"322":1,"324":1}},"/home/travis/build/npmtest/node-npmtest-steam-tradeoffers/node_modules/steam-tradeoffers/index.js":{"path":"/home/travis/build/npmtest/node-npmtest-steam-tradeoffers/node_modules/steam-tradeoffers/index.js","s":{"1":1,"2":1,"3":1,"4":1,"5":1,"6":1,"7":1,"8":1,"9":1,"10":1,"11":1,"12":0,"13":0,"14":0,"15":0,"16":0,"17":0,"18":0,"19":0,"20":0,"21":0,"22":1,"23":0,"24":0,"25":0,"26":0,"27":0,"28":1,"29":0,"30":0,"31":0,"32":0,"33":0,"34":0,"35":0,"36":0,"37":0,"38":0,"39":1,"40":0,"41":0,"42":1,"43":0,"44":0,"45":0,"46":0,"47":0,"48":1,"49":0,"50":0,"51":0,"52":0,"53":0,"54":0,"55":0,"56":1,"57":0,"58":0,"59":0,"60":0,"61":0,"62":0,"63":0,"64":0,"65":1,"66":0,"67":0,"68":0,"69":0,"70":0,"71":0,"72":0,"73":0,"74":0,"75":0,"76":0,"77":0,"78":1,"79":0,"80":0,"81":0,"82":0,"83":0,"84":0,"85":1,"86":0,"87":1,"88":0,"89":1,"90":0,"91":1,"92":0,"93":0,"94":0,"95":0,"96":0,"97":0,"98":0,"99":0,"100":0,"101":0,"102":0,"103":0,"104":0,"105":0,"106":0,"107":0,"108":1,"109":0,"110":0,"111":0,"112":0,"113":0,"114":0,"115":0,"116":0,"117":0,"118":0,"119":0,"120":0,"121":0,"122":0,"123":0,"124":0,"125":0,"126":0,"127":0,"128":0,"129":0,"130":0,"131":0,"132":0,"133":1,"134":0,"135":0,"136":0,"137":0,"138":0,"139":0,"140":0,"141":0,"142":0,"143":0,"144":0,"145":0,"146":1,"147":0,"148":1,"149":0,"150":1,"151":0,"152":1,"153":0,"154":0,"155":0,"156":0,"157":0,"158":1,"159":0,"160":1,"161":0,"162":0,"163":0,"164":0,"165":0,"166":0,"167":0,"168":0,"169":1,"170":0,"171":0,"172":0,"173":0,"174":0,"175":0,"176":1,"177":0,"178":0,"179":0,"180":0,"181":0,"182":0,"183":0,"184":0,"185":0,"186":0,"187":0,"188":0,"189":0,"190":0,"191":0,"192":0,"193":0,"194":0,"195":0,"196":0,"197":0,"198":0,"199":1,"200":0,"201":0,"202":0,"203":0,"204":0,"205":0,"206":0,"207":0,"208":0,"209":0,"210":0,"211":0,"212":0,"213":1,"214":0,"215":0,"216":0,"217":0,"218":0,"219":0,"220":0,"221":0,"222":0,"223":0,"224":0,"225":0,"226":0,"227":0,"228":0,"229":0,"230":0,"231":0,"232":0,"233":0,"234":0,"235":0,"236":0,"237":0,"238":0},"b":{"1":[0,0],"2":[0,0],"3":[0,0],"4":[0,0],"5":[0,0,0],"6":[0,0],"7":[0,0],"8":[0,0],"9":[0,0],"10":[0,0],"11":[0,0],"12":[0,0],"13":[0,0],"14":[0,0],"15":[0,0],"16":[0,0],"17":[0,0],"18":[0,0],"19":[0,0],"20":[0,0],"21":[0,0],"22":[0,0],"23":[0,0],"24":[0,0],"25":[0,0],"26":[0,0],"27":[0,0],"28":[0,0],"29":[0,0],"30":[0,0],"31":[0,0],"32":[0,0],"33":[0,0],"34":[0,0],"35":[0,0],"36":[0,0],"37":[0,0],"38":[0,0],"39":[0,0],"40":[0,0],"41":[0,0],"42":[0,0,0],"43":[0,0],"44":[0,0],"45":[0,0],"46":[0,0],"47":[0,0],"48":[0,0],"49":[0,0],"50":[0,0],"51":[0,0],"52":[0,0],"53":[0,0],"54":[0,0],"55":[0,0],"56":[0,0],"57":[0,0],"58":[0,0],"59":[0,0],"60":[0,0],"61":[0,0],"62":[0,0,0,0],"63":[0,0],"64":[0,0],"65":[0,0],"66":[0,0],"67":[0,0],"68":[0,0],"69":[0,0,0],"70":[0,0],"71":[0,0],"72":[0,0],"73":[0,0],"74":[0,0,0],"75":[0,0],"76":[0,0],"77":[0,0],"78":[0,0],"79":[0,0],"80":[0,0],"81":[0,0]},"f":{"1":0,"2":0,"3":0,"4":0,"5":0,"6":0,"7":0,"8":0,"9":0,"10":0,"11":0,"12":0,"13":0,"14":0,"15":0,"16":0,"17":0,"18":0,"19":0,"20":0,"21":0,"22":0,"23":0,"24":0,"25":0,"26":0,"27":0,"28":0,"29":0,"30":0,"31":0,"32":0,"33":0,"34":0,"35":0,"36":0,"37":0,"38":0,"39":0,"40":0,"41":0,"42":0,"43":0,"44":0},"fnMap":{"1":{"name":"SteamTradeOffers","line":13,"loc":{"start":{"line":13,"column":0},"end":{"line":13,"column":28}}},"2":{"name":"(anonymous_2)","line":15,"loc":{"start":{"line":15,"column":35},"end":{"line":15,"column":53}}},"3":{"name":"(anonymous_3)","line":35,"loc":{"start":{"line":35,"column":28},"end":{"line":35,"column":43}}},"4":{"name":"(anonymous_4)","line":40,"loc":{"start":{"line":40,"column":43},"end":{"line":40,"column":62}}},"5":{"name":"(anonymous_5)","line":41,"loc":{"start":{"line":41,"column":19},"end":{"line":41,"column":45}}},"6":{"name":"(anonymous_6)","line":51,"loc":{"start":{"line":51,"column":41},"end":{"line":51,"column":60}}},"7":{"name":"(anonymous_7)","line":55,"loc":{"start":{"line":55,"column":5},"end":{"line":55,"column":37}}},"8":{"name":"(anonymous_8)","line":74,"loc":{"start":{"line":74,"column":50},"end":{"line":74,"column":78}}},"9":{"name":"(anonymous_9)","line":80,"loc":{"start":{"line":80,"column":45},"end":{"line":80,"column":73}}},"10":{"name":"(anonymous_10)","line":94,"loc":{"start":{"line":94,"column":45},"end":{"line":94,"column":73}}},"11":{"name":"(anonymous_11)","line":114,"loc":{"start":{"line":114,"column":50},"end":{"line":114,"column":78}}},"12":{"name":"(anonymous_12)","line":144,"loc":{"start":{"line":144,"column":39},"end":{"line":144,"column":67}}},"13":{"name":"(anonymous_13)","line":148,"loc":{"start":{"line":148,"column":14},"end":{"line":148,"column":35}}},"14":{"name":"(anonymous_14)","line":154,"loc":{"start":{"line":154,"column":84},"end":{"line":154,"column":100}}},"15":{"name":"(anonymous_15)","line":161,"loc":{"start":{"line":161,"column":76},"end":{"line":161,"column":92}}},"16":{"name":"(anonymous_16)","line":172,"loc":{"start":{"line":172,"column":38},"end":{"line":172,"column":66}}},"17":{"name":"(anonymous_17)","line":176,"loc":{"start":{"line":176,"column":14},"end":{"line":176,"column":35}}},"18":{"name":"(anonymous_18)","line":190,"loc":{"start":{"line":190,"column":40},"end":{"line":190,"column":68}}},"19":{"name":"(anonymous_19)","line":198,"loc":{"start":{"line":198,"column":42},"end":{"line":198,"column":70}}},"20":{"name":"(anonymous_20)","line":209,"loc":{"start":{"line":209,"column":41},"end":{"line":209,"column":69}}},"21":{"name":"(anonymous_21)","line":220,"loc":{"start":{"line":220,"column":41},"end":{"line":220,"column":69}}},"22":{"name":"(anonymous_22)","line":221,"loc":{"start":{"line":221,"column":11},"end":{"line":221,"column":23}}},"23":{"name":"(anonymous_23)","line":244,"loc":{"start":{"line":244,"column":5},"end":{"line":244,"column":37}}},"24":{"name":"(anonymous_24)","line":262,"loc":{"start":{"line":262,"column":39},"end":{"line":262,"column":67}}},"25":{"name":"(anonymous_25)","line":263,"loc":{"start":{"line":263,"column":11},"end":{"line":263,"column":23}}},"26":{"name":"(anonymous_26)","line":310,"loc":{"start":{"line":310,"column":5},"end":{"line":310,"column":37}}},"27":{"name":"(anonymous_27)","line":328,"loc":{"start":{"line":328,"column":38},"end":{"line":328,"column":66}}},"28":{"name":"(anonymous_28)","line":333,"loc":{"start":{"line":333,"column":5},"end":{"line":333,"column":35}}},"29":{"name":"setCookie","line":368,"loc":{"start":{"line":368,"column":0},"end":{"line":368,"column":27}}},"30":{"name":"toSteamId","line":372,"loc":{"start":{"line":372,"column":0},"end":{"line":372,"column":30}}},"31":{"name":"toAccountId","line":376,"loc":{"start":{"line":376,"column":0},"end":{"line":376,"column":30}}},"32":{"name":"mergeRawInventory","line":380,"loc":{"start":{"line":380,"column":0},"end":{"line":380,"column":42}}},"33":{"name":"mergeInventory","line":393,"loc":{"start":{"line":393,"column":0},"end":{"line":393,"column":52}}},"34":{"name":"mergeWithDescriptions","line":402,"loc":{"start":{"line":402,"column":0},"end":{"line":402,"column":63}}},"35":{"name":"(anonymous_35)","line":403,"loc":{"start":{"line":403,"column":32},"end":{"line":403,"column":45}}},"36":{"name":"mergeObjects","line":417,"loc":{"start":{"line":417,"column":0},"end":{"line":417,"column":24}}},"37":{"name":"loadInventory","line":429,"loc":{"start":{"line":429,"column":0},"end":{"line":429,"column":42}}},"38":{"name":"(anonymous_38)","line":446,"loc":{"start":{"line":446,"column":44},"end":{"line":446,"column":76}}},"39":{"name":"doAPICall","line":472,"loc":{"start":{"line":472,"column":0},"end":{"line":472,"column":28}}},"40":{"name":"(anonymous_40)","line":473,"loc":{"start":{"line":473,"column":11},"end":{"line":473,"column":23}}},"41":{"name":"(anonymous_41)","line":492,"loc":{"start":{"line":492,"column":39},"end":{"line":492,"column":71}}},"42":{"name":"getHoldDuration","line":503,"loc":{"start":{"line":503,"column":0},"end":{"line":503,"column":41}}},"43":{"name":"(anonymous_43)","line":506,"loc":{"start":{"line":506,"column":5},"end":{"line":506,"column":37}}},"44":{"name":"(anonymous_44)","line":516,"loc":{"start":{"line":516,"column":40},"end":{"line":516,"column":58}}}},"statementMap":{"1":{"start":{"line":1,"column":0},"end":{"line":1,"column":34}},"2":{"start":{"line":3,"column":0},"end":{"line":3,"column":33}},"3":{"start":{"line":4,"column":0},"end":{"line":4,"column":33}},"4":{"start":{"line":5,"column":0},"end":{"line":5,"column":27}},"5":{"start":{"line":6,"column":0},"end":{"line":6,"column":25}},"6":{"start":{"line":7,"column":0},"end":{"line":7,"column":23}},"7":{"start":{"line":8,"column":0},"end":{"line":8,"column":41}},"8":{"start":{"line":10,"column":0},"end":{"line":10,"column":48}},"9":{"start":{"line":11,"column":0},"end":{"line":11,"column":27}},"10":{"start":{"line":13,"column":0},"end":{"line":13,"column":30}},"11":{"start":{"line":15,"column":0},"end":{"line":38,"column":2}},"12":{"start":{"line":16,"column":2},"end":{"line":18,"column":5}},"13":{"start":{"line":20,"column":2},"end":{"line":22,"column":3}},"14":{"start":{"line":21,"column":4},"end":{"line":21,"column":69}},"15":{"start":{"line":24,"column":2},"end":{"line":24,"column":26}},"16":{"start":{"line":25,"column":2},"end":{"line":27,"column":5}},"17":{"start":{"line":29,"column":2},"end":{"line":29,"column":36}},"18":{"start":{"line":31,"column":2},"end":{"line":31,"column":31}},"19":{"start":{"line":33,"column":2},"end":{"line":33,"column":37}},"20":{"start":{"line":35,"column":2},"end":{"line":37,"column":16}},"21":{"start":{"line":36,"column":4},"end":{"line":36,"column":31}},"22":{"start":{"line":40,"column":0},"end":{"line":49,"column":2}},"23":{"start":{"line":41,"column":2},"end":{"line":48,"column":5}},"24":{"start":{"line":42,"column":4},"end":{"line":44,"column":5}},"25":{"start":{"line":43,"column":6},"end":{"line":43,"column":29}},"26":{"start":{"line":46,"column":4},"end":{"line":46,"column":59}},"27":{"start":{"line":47,"column":4},"end":{"line":47,"column":31}},"28":{"start":{"line":51,"column":0},"end":{"line":72,"column":2}},"29":{"start":{"line":52,"column":2},"end":{"line":71,"column":16}},"30":{"start":{"line":56,"column":4},"end":{"line":58,"column":5}},"31":{"start":{"line":57,"column":6},"end":{"line":57,"column":63}},"32":{"start":{"line":59,"column":4},"end":{"line":61,"column":5}},"33":{"start":{"line":60,"column":6},"end":{"line":60,"column":53}},"34":{"start":{"line":63,"column":4},"end":{"line":63,"column":31}},"35":{"start":{"line":64,"column":4},"end":{"line":64,"column":59}},"36":{"start":{"line":66,"column":4},"end":{"line":68,"column":5}},"37":{"start":{"line":67,"column":6},"end":{"line":67,"column":53}},"38":{"start":{"line":70,"column":4},"end":{"line":70,"column":29}},"39":{"start":{"line":74,"column":0},"end":{"line":78,"column":2}},"40":{"start":{"line":75,"column":2},"end":{"line":75,"column":71}},"41":{"start":{"line":77,"column":2},"end":{"line":77,"column":44}},"42":{"start":{"line":80,"column":0},"end":{"line":92,"column":2}},"43":{"start":{"line":81,"column":2},"end":{"line":83,"column":4}},"44":{"start":{"line":85,"column":2},"end":{"line":87,"column":3}},"45":{"start":{"line":86,"column":4},"end":{"line":86,"column":38}},"46":{"start":{"line":89,"column":2},"end":{"line":89,"column":78}},"47":{"start":{"line":91,"column":2},"end":{"line":91,"column":44}},"48":{"start":{"line":94,"column":0},"end":{"line":112,"column":2}},"49":{"start":{"line":95,"column":2},"end":{"line":95,"column":17}},"50":{"start":{"line":97,"column":2},"end":{"line":99,"column":3}},"51":{"start":{"line":98,"column":4},"end":{"line":98,"column":31}},"52":{"start":{"line":101,"column":2},"end":{"line":103,"column":3}},"53":{"start":{"line":102,"column":4},"end":{"line":102,"column":22}},"54":{"start":{"line":105,"column":2},"end":{"line":106,"column":66}},"55":{"start":{"line":108,"column":2},"end":{"line":111,"column":15}},"56":{"start":{"line":114,"column":0},"end":{"line":142,"column":2}},"57":{"start":{"line":115,"column":2},"end":{"line":120,"column":4}},"58":{"start":{"line":122,"column":2},"end":{"line":124,"column":3}},"59":{"start":{"line":123,"column":4},"end":{"line":123,"column":30}},"60":{"start":{"line":126,"column":2},"end":{"line":126,"column":20}},"61":{"start":{"line":127,"column":2},"end":{"line":129,"column":3}},"62":{"start":{"line":128,"column":4},"end":{"line":128,"column":33}},"63":{"start":{"line":131,"column":2},"end":{"line":132,"column":56}},"64":{"start":{"line":134,"column":2},"end":{"line":141,"column":15}},"65":{"start":{"line":144,"column":0},"end":{"line":170,"column":2}},"66":{"start":{"line":145,"column":2},"end":{"line":169,"column":5}},"67":{"start":{"line":149,"column":6},"end":{"line":151,"column":7}},"68":{"start":{"line":150,"column":8},"end":{"line":150,"column":31}},"69":{"start":{"line":153,"column":6},"end":{"line":158,"column":7}},"70":{"start":{"line":154,"column":8},"end":{"line":157,"column":11}},"71":{"start":{"line":155,"column":10},"end":{"line":155,"column":65}},"72":{"start":{"line":156,"column":10},"end":{"line":156,"column":23}},"73":{"start":{"line":160,"column":6},"end":{"line":165,"column":7}},"74":{"start":{"line":161,"column":8},"end":{"line":164,"column":11}},"75":{"start":{"line":162,"column":10},"end":{"line":162,"column":65}},"76":{"start":{"line":163,"column":10},"end":{"line":163,"column":23}},"77":{"start":{"line":167,"column":6},"end":{"line":167,"column":26}},"78":{"start":{"line":172,"column":0},"end":{"line":188,"column":2}},"79":{"start":{"line":173,"column":2},"end":{"line":187,"column":5}},"80":{"start":{"line":177,"column":6},"end":{"line":179,"column":7}},"81":{"start":{"line":178,"column":8},"end":{"line":178,"column":31}},"82":{"start":{"line":181,"column":6},"end":{"line":183,"column":7}},"83":{"start":{"line":182,"column":8},"end":{"line":182,"column":89}},"84":{"start":{"line":185,"column":6},"end":{"line":185,"column":26}},"85":{"start":{"line":190,"column":0},"end":{"line":196,"column":2}},"86":{"start":{"line":191,"column":2},"end":{"line":195,"column":5}},"87":{"start":{"line":198,"column":0},"end":{"line":207,"column":2}},"88":{"start":{"line":199,"column":2},"end":{"line":206,"column":5}},"89":{"start":{"line":209,"column":0},"end":{"line":218,"column":2}},"90":{"start":{"line":210,"column":2},"end":{"line":217,"column":5}},"91":{"start":{"line":220,"column":0},"end":{"line":260,"column":2}},"92":{"start":{"line":221,"column":2},"end":{"line":225,"column":4}},"93":{"start":{"line":222,"column":4},"end":{"line":224,"column":5}},"94":{"start":{"line":223,"column":6},"end":{"line":223,"column":38}},"95":{"start":{"line":227,"column":2},"end":{"line":231,"column":4}},"96":{"start":{"line":233,"column":2},"end":{"line":235,"column":3}},"97":{"start":{"line":234,"column":4},"end":{"line":234,"column":48}},"98":{"start":{"line":237,"column":2},"end":{"line":259,"column":16}},"99":{"start":{"line":245,"column":4},"end":{"line":247,"column":5}},"100":{"start":{"line":246,"column":6},"end":{"line":246,"column":23}},"101":{"start":{"line":248,"column":4},"end":{"line":250,"column":5}},"102":{"start":{"line":249,"column":6},"end":{"line":249,"column":42}},"103":{"start":{"line":251,"column":4},"end":{"line":253,"column":5}},"104":{"start":{"line":252,"column":6},"end":{"line":252,"column":48}},"105":{"start":{"line":254,"column":4},"end":{"line":256,"column":5}},"106":{"start":{"line":255,"column":6},"end":{"line":255,"column":47}},"107":{"start":{"line":258,"column":4},"end":{"line":258,"column":19}},"108":{"start":{"line":262,"column":0},"end":{"line":326,"column":2}},"109":{"start":{"line":263,"column":2},"end":{"line":267,"column":4}},"110":{"start":{"line":264,"column":4},"end":{"line":266,"column":5}},"111":{"start":{"line":265,"column":6},"end":{"line":265,"column":38}},"112":{"start":{"line":269,"column":2},"end":{"line":274,"column":4}},"113":{"start":{"line":276,"column":2},"end":{"line":282,"column":4}},"114":{"start":{"line":284,"column":2},"end":{"line":286,"column":4}},"115":{"start":{"line":288,"column":2},"end":{"line":293,"column":3}},"116":{"start":{"line":289,"column":4},"end":{"line":291,"column":7}},"117":{"start":{"line":292,"column":4},"end":{"line":292,"column":38}},"118":{"start":{"line":295,"column":2},"end":{"line":295,"column":14}},"119":{"start":{"line":296,"column":2},"end":{"line":301,"column":3}},"120":{"start":{"line":297,"column":4},"end":{"line":297,"column":68}},"121":{"start":{"line":298,"column":4},"end":{"line":298,"column":80}},"122":{"start":{"line":300,"column":4},"end":{"line":300,"column":80}},"123":{"start":{"line":303,"column":2},"end":{"line":325,"column":16}},"124":{"start":{"line":311,"column":4},"end":{"line":313,"column":5}},"125":{"start":{"line":312,"column":6},"end":{"line":312,"column":23}},"126":{"start":{"line":314,"column":4},"end":{"line":316,"column":5}},"127":{"start":{"line":315,"column":6},"end":{"line":315,"column":42}},"128":{"start":{"line":317,"column":4},"end":{"line":319,"column":5}},"129":{"start":{"line":318,"column":6},"end":{"line":318,"column":48}},"130":{"start":{"line":320,"column":4},"end":{"line":322,"column":5}},"131":{"start":{"line":321,"column":6},"end":{"line":321,"column":47}},"132":{"start":{"line":324,"column":4},"end":{"line":324,"column":19}},"133":{"start":{"line":328,"column":0},"end":{"line":366,"column":2}},"134":{"start":{"line":331,"column":2},"end":{"line":365,"column":5}},"135":{"start":{"line":334,"column":4},"end":{"line":336,"column":5}},"136":{"start":{"line":335,"column":6},"end":{"line":335,"column":61}},"137":{"start":{"line":337,"column":4},"end":{"line":339,"column":5}},"138":{"start":{"line":338,"column":6},"end":{"line":338,"column":53}},"139":{"start":{"line":341,"column":4},"end":{"line":341,"column":61}},"140":{"start":{"line":342,"column":4},"end":{"line":344,"column":5}},"141":{"start":{"line":343,"column":6},"end":{"line":343,"column":47}},"142":{"start":{"line":346,"column":4},"end":{"line":348,"column":6}},"143":{"start":{"line":351,"column":4},"end":{"line":360,"column":16}},"144":{"start":{"line":362,"column":4},"end":{"line":362,"column":38}},"145":{"start":{"line":364,"column":4},"end":{"line":364,"column":34}},"146":{"start":{"line":368,"column":0},"end":{"line":370,"column":1}},"147":{"start":{"line":369,"column":2},"end":{"line":369,"column":58}},"148":{"start":{"line":372,"column":0},"end":{"line":374,"column":1}},"149":{"start":{"line":373,"column":2},"end":{"line":373,"column":65}},"150":{"start":{"line":376,"column":0},"end":{"line":378,"column":1}},"151":{"start":{"line":377,"column":2},"end":{"line":377,"column":53}},"152":{"start":{"line":380,"column":0},"end":{"line":391,"column":1}},"153":{"start":{"line":381,"column":2},"end":{"line":381,"column":49}},"154":{"start":{"line":382,"column":2},"end":{"line":382,"column":42}},"155":{"start":{"line":383,"column":2},"end":{"line":383,"column":40}},"156":{"start":{"line":384,"column":2},"end":{"line":384,"column":48}},"157":{"start":{"line":386,"column":2},"end":{"line":390,"column":4}},"158":{"start":{"line":393,"column":0},"end":{"line":400,"column":1}},"159":{"start":{"line":394,"column":2},"end":{"line":399,"column":4}},"160":{"start":{"line":402,"column":0},"end":{"line":415,"column":1}},"161":{"start":{"line":403,"column":2},"end":{"line":414,"column":5}},"162":{"start":{"line":404,"column":4},"end":{"line":404,"column":25}},"163":{"start":{"line":405,"column":4},"end":{"line":405,"column":82}},"164":{"start":{"line":406,"column":4},"end":{"line":410,"column":5}},"165":{"start":{"line":407,"column":6},"end":{"line":409,"column":7}},"166":{"start":{"line":408,"column":8},"end":{"line":408,"column":37}},"167":{"start":{"line":412,"column":4},"end":{"line":412,"column":31}},"168":{"start":{"line":413,"column":4},"end":{"line":413,"column":16}},"169":{"start":{"line":417,"column":0},"end":{"line":427,"column":1}},"170":{"start":{"line":418,"column":2},"end":{"line":418,"column":18}},"171":{"start":{"line":419,"column":2},"end":{"line":425,"column":3}},"172":{"start":{"line":420,"column":4},"end":{"line":424,"column":5}},"173":{"start":{"line":421,"column":6},"end":{"line":423,"column":7}},"174":{"start":{"line":422,"column":8},"end":{"line":422,"column":44}},"175":{"start":{"line":426,"column":2},"end":{"line":426,"column":16}},"176":{"start":{"line":429,"column":0},"end":{"line":470,"column":1}},"177":{"start":{"line":430,"column":2},"end":{"line":430,"column":46}},"178":{"start":{"line":431,"column":2},"end":{"line":431,"column":34}},"179":{"start":{"line":433,"column":2},"end":{"line":436,"column":4}},"180":{"start":{"line":438,"column":2},"end":{"line":440,"column":3}},"181":{"start":{"line":439,"column":4},"end":{"line":439,"column":51}},"182":{"start":{"line":442,"column":2},"end":{"line":444,"column":3}},"183":{"start":{"line":443,"column":4},"end":{"line":443,"column":44}},"184":{"start":{"line":446,"column":2},"end":{"line":469,"column":16}},"185":{"start":{"line":447,"column":4},"end":{"line":449,"column":5}},"186":{"start":{"line":448,"column":6},"end":{"line":448,"column":29}},"187":{"start":{"line":450,"column":4},"end":{"line":452,"column":5}},"188":{"start":{"line":451,"column":6},"end":{"line":451,"column":45}},"189":{"start":{"line":453,"column":4},"end":{"line":455,"column":5}},"190":{"start":{"line":454,"column":6},"end":{"line":454,"column":54}},"191":{"start":{"line":456,"column":4},"end":{"line":458,"column":5}},"192":{"start":{"line":457,"column":6},"end":{"line":457,"column":53}},"193":{"start":{"line":460,"column":4},"end":{"line":460,"column":55}},"194":{"start":{"line":461,"column":4},"end":{"line":461,"column":83}},"195":{"start":{"line":463,"column":4},"end":{"line":468,"column":5}},"196":{"start":{"line":464,"column":6},"end":{"line":464,"column":38}},"197":{"start":{"line":465,"column":6},"end":{"line":465,"column":50}},"198":{"start":{"line":467,"column":6},"end":{"line":467,"column":53}},"199":{"start":{"line":472,"column":0},"end":{"line":501,"column":1}},"200":{"start":{"line":473,"column":2},"end":{"line":477,"column":4}},"201":{"start":{"line":474,"column":4},"end":{"line":476,"column":5}},"202":{"start":{"line":475,"column":6},"end":{"line":475,"column":46}},"203":{"start":{"line":479,"column":2},"end":{"line":479,"column":49}},"204":{"start":{"line":481,"column":2},"end":{"line":486,"column":4}},"205":{"start":{"line":488,"column":2},"end":{"line":490,"column":3}},"206":{"start":{"line":489,"column":4},"end":{"line":489,"column":33}},"207":{"start":{"line":492,"column":2},"end":{"line":500,"column":16}},"208":{"start":{"line":493,"column":4},"end":{"line":495,"column":5}},"209":{"start":{"line":494,"column":6},"end":{"line":494,"column":57}},"210":{"start":{"line":496,"column":4},"end":{"line":498,"column":5}},"211":{"start":{"line":497,"column":6},"end":{"line":497,"column":47}},"212":{"start":{"line":499,"column":4},"end":{"line":499,"column":19}},"213":{"start":{"line":503,"column":0},"end":{"line":553,"column":1}},"214":{"start":{"line":504,"column":2},"end":{"line":552,"column":16}},"215":{"start":{"line":507,"column":4},"end":{"line":509,"column":5}},"216":{"start":{"line":508,"column":6},"end":{"line":508,"column":63}},"217":{"start":{"line":510,"column":4},"end":{"line":512,"column":5}},"218":{"start":{"line":511,"column":6},"end":{"line":511,"column":53}},"219":{"start":{"line":514,"column":4},"end":{"line":514,"column":31}},"220":{"start":{"line":515,"column":4},"end":{"line":515,"column":26}},"221":{"start":{"line":516,"column":4},"end":{"line":526,"column":7}},"222":{"start":{"line":517,"column":6},"end":{"line":519,"column":7}},"223":{"start":{"line":518,"column":8},"end":{"line":518,"column":21}},"224":{"start":{"line":520,"column":6},"end":{"line":520,"column":41}},"225":{"start":{"line":521,"column":6},"end":{"line":524,"column":7}},"226":{"start":{"line":522,"column":8},"end":{"line":522,"column":28}},"227":{"start":{"line":523,"column":8},"end":{"line":523,"column":20}},"228":{"start":{"line":525,"column":6},"end":{"line":525,"column":19}},"229":{"start":{"line":528,"column":4},"end":{"line":538,"column":5}},"230":{"start":{"line":529,"column":6},"end":{"line":529,"column":19}},"231":{"start":{"line":531,"column":6},"end":{"line":533,"column":7}},"232":{"start":{"line":532,"column":8},"end":{"line":532,"column":49}},"233":{"start":{"line":535,"column":6},"end":{"line":535,"column":59}},"234":{"start":{"line":537,"column":6},"end":{"line":537,"column":42}},"235":{"start":{"line":540,"column":4},"end":{"line":542,"column":6}},"236":{"start":{"line":545,"column":4},"end":{"line":547,"column":40}},"237":{"start":{"line":549,"column":4},"end":{"line":549,"column":38}},"238":{"start":{"line":551,"column":4},"end":{"line":551,"column":33}}},"branchMap":{"1":{"line":17,"type":"binary-expr","locations":[{"start":{"line":17,"column":13},"end":{"line":17,"column":28}},{"start":{"line":17,"column":32},"end":{"line":17,"column":46}}]},"2":{"line":20,"type":"if","locations":[{"start":{"line":20,"column":2},"end":{"line":20,"column":2}},{"start":{"line":20,"column":2},"end":{"line":20,"column":2}}]},"3":{"line":42,"type":"if","locations":[{"start":{"line":42,"column":4},"end":{"line":42,"column":4}},{"start":{"line":42,"column":4},"end":{"line":42,"column":4}}]},"4":{"line":56,"type":"if","locations":[{"start":{"line":56,"column":4},"end":{"line":56,"column":4}},{"start":{"line":56,"column":4},"end":{"line":56,"column":4}}]},"5":{"line":56,"type":"binary-expr","locations":[{"start":{"line":56,"column":8},"end":{"line":56,"column":13}},{"start":{"line":56,"column":18},"end":{"line":56,"column":26}},{"start":{"line":56,"column":30},"end":{"line":56,"column":57}}]},"6":{"line":57,"type":"binary-expr","locations":[{"start":{"line":57,"column":22},"end":{"line":57,"column":27}},{"start":{"line":57,"column":31},"end":{"line":57,"column":61}}]},"7":{"line":59,"type":"if","locations":[{"start":{"line":59,"column":4},"end":{"line":59,"column":4}},{"start":{"line":59,"column":4},"end":{"line":59,"column":4}}]},"8":{"line":66,"type":"if","locations":[{"start":{"line":66,"column":4},"end":{"line":66,"column":4}},{"start":{"line":66,"column":4},"end":{"line":66,"column":4}}]},"9":{"line":82,"type":"binary-expr","locations":[{"start":{"line":82,"column":13},"end":{"line":82,"column":37}},{"start":{"line":82,"column":41},"end":{"line":82,"column":76}}]},"10":{"line":85,"type":"if","locations":[{"start":{"line":85,"column":2},"end":{"line":85,"column":2}},{"start":{"line":85,"column":2},"end":{"line":85,"column":2}}]},"11":{"line":97,"type":"if","locations":[{"start":{"line":97,"column":2},"end":{"line":97,"column":2}},{"start":{"line":97,"column":2},"end":{"line":97,"column":2}}]},"12":{"line":101,"type":"if","locations":[{"start":{"line":101,"column":2},"end":{"line":101,"column":2}},{"start":{"line":101,"column":2},"end":{"line":101,"column":2}}]},"13":{"line":117,"type":"binary-expr","locations":[{"start":{"line":117,"column":13},"end":{"line":117,"column":35}},{"start":{"line":117,"column":39},"end":{"line":117,"column":74}}]},"14":{"line":122,"type":"if","locations":[{"start":{"line":122,"column":2},"end":{"line":122,"column":2}},{"start":{"line":122,"column":2},"end":{"line":122,"column":2}}]},"15":{"line":127,"type":"if","locations":[{"start":{"line":127,"column":2},"end":{"line":127,"column":2}},{"start":{"line":127,"column":2},"end":{"line":127,"column":2}}]},"16":{"line":149,"type":"if","locations":[{"start":{"line":149,"column":6},"end":{"line":149,"column":6}},{"start":{"line":149,"column":6},"end":{"line":149,"column":6}}]},"17":{"line":153,"type":"if","locations":[{"start":{"line":153,"column":6},"end":{"line":153,"column":6}},{"start":{"line":153,"column":6},"end":{"line":153,"column":6}}]},"18":{"line":160,"type":"if","locations":[{"start":{"line":160,"column":6},"end":{"line":160,"column":6}},{"start":{"line":160,"column":6},"end":{"line":160,"column":6}}]},"19":{"line":177,"type":"if","locations":[{"start":{"line":177,"column":6},"end":{"line":177,"column":6}},{"start":{"line":177,"column":6},"end":{"line":177,"column":6}}]},"20":{"line":181,"type":"if","locations":[{"start":{"line":181,"column":6},"end":{"line":181,"column":6}},{"start":{"line":181,"column":6},"end":{"line":181,"column":6}}]},"21":{"line":222,"type":"if","locations":[{"start":{"line":222,"column":4},"end":{"line":222,"column":4}},{"start":{"line":222,"column":4},"end":{"line":222,"column":4}}]},"22":{"line":233,"type":"if","locations":[{"start":{"line":233,"column":2},"end":{"line":233,"column":2}},{"start":{"line":233,"column":2},"end":{"line":233,"column":2}}]},"23":{"line":245,"type":"if","locations":[{"start":{"line":245,"column":4},"end":{"line":245,"column":4}},{"start":{"line":245,"column":4},"end":{"line":245,"column":4}}]},"24":{"line":248,"type":"if","locations":[{"start":{"line":248,"column":4},"end":{"line":248,"column":4}},{"start":{"line":248,"column":4},"end":{"line":248,"column":4}}]},"25":{"line":248,"type":"binary-expr","locations":[{"start":{"line":248,"column":8},"end":{"line":248,"column":12}},{"start":{"line":248,"column":16},"end":{"line":248,"column":29}}]},"26":{"line":251,"type":"if","locations":[{"start":{"line":251,"column":4},"end":{"line":251,"column":4}},{"start":{"line":251,"column":4},"end":{"line":251,"column":4}}]},"27":{"line":251,"type":"binary-expr","locations":[{"start":{"line":251,"column":8},"end":{"line":251,"column":16}},{"start":{"line":251,"column":20},"end":{"line":251,"column":47}}]},"28":{"line":254,"type":"if","locations":[{"start":{"line":254,"column":4},"end":{"line":254,"column":4}},{"start":{"line":254,"column":4},"end":{"line":254,"column":4}}]},"29":{"line":264,"type":"if","locations":[{"start":{"line":264,"column":4},"end":{"line":264,"column":4}},{"start"
[...]
lumn":2}}]},"68":{"line":493,"type":"if","locations":[{"start":{"line":493,"column":4},"end":{"line":493,"column":4}},{"start":{"line":493,"column":4},"end":{"line":493,"column":4}}]},"69":{"line":493,"type":"binary-expr","locations":[{"start":{"line":493,"column":8},"end":{"line":493,"column":13}},{"start":{"line":493,"column":18},"end":{"line":493,"column":26}},{"start":{"line":493,"column":30},"end":{"line":493,"column":57}}]},"70":{"line":494,"type":"binary-expr","locations":[{"start":{"line":494,"column":16},"end":{"line":494,"column":21}},{"start":{"line":494,"column":25},"end":{"line":494,"column":55}}]},"71":{"line":496,"type":"if","locations":[{"start":{"line":496,"column":4},"end":{"line":496,"column":4}},{"start":{"line":496,"column":4},"end":{"line":496,"column":4}}]},"72":{"line":496,"type":"binary-expr","locations":[{"start":{"line":496,"column":8},"end":{"line":496,"column":13}},{"start":{"line":496,"column":17},"end":{"line":496,"column":41}}]},"73":{"line":507,"type":"if","locations":[{"start":{"line":507,"column":4},"end":{"line":507,"column":4}},{"start":{"line":507,"column":4},"end":{"line":507,"column":4}}]},"74":{"line":507,"type":"binary-expr","locations":[{"start":{"line":507,"column":8},"end":{"line":507,"column":13}},{"start":{"line":507,"column":18},"end":{"line":507,"column":26}},{"start":{"line":507,"column":30},"end":{"line":507,"column":57}}]},"75":{"line":508,"type":"binary-expr","locations":[{"start":{"line":508,"column":22},"end":{"line":508,"column":27}},{"start":{"line":508,"column":31},"end":{"line":508,"column":61}}]},"76":{"line":510,"type":"if","locations":[{"start":{"line":510,"column":4},"end":{"line":510,"column":4}},{"start":{"line":510,"column":4},"end":{"line":510,"column":4}}]},"77":{"line":517,"type":"if","locations":[{"start":{"line":517,"column":6},"end":{"line":517,"column":6}},{"start":{"line":517,"column":6},"end":{"line":517,"column":6}}]},"78":{"line":521,"type":"if","locations":[{"start":{"line":521,"column":6},"end":{"line":521,"column":6}},{"start":{"line":521,"column":6},"end":{"line":521,"column":6}}]},"79":{"line":528,"type":"if","locations":[{"start":{"line":528,"column":4},"end":{"line":528,"column":4}},{"start":{"line":528,"column":4},"end":{"line":528,"column":4}}]},"80":{"line":531,"type":"if","locations":[{"start":{"line":531,"column":6},"end":{"line":531,"column":6}},{"start":{"line":531,"column":6},"end":{"line":531,"column":6}}]},"81":{"line":535,"type":"binary-expr","locations":[{"start":{"line":535,"column":20},"end":{"line":535,"column":28}},{"start":{"line":535,"column":32},"end":{"line":535,"column":58}}]}},"code":["module.exports = SteamTradeOffers;","","var request = require('request');","var cheerio = require('cheerio');","var Long = require('long');","var url = require('url');","var vm = require('vm');","var querystring = require('querystring');","","var communityURL = 'https://steamcommunity.com';","var defaultTimeout = 30000;","","function SteamTradeOffers() {}","","SteamTradeOffers.prototype.setup = function(options) {","  var requestWrapper = request.defaults({","    timeout: options.timeout || defaultTimeout","  });","","  if (options.requestOptions) {","    requestWrapper = requestWrapper.defaults(options.requestOptions);","  }","","  this._j = request.jar();","  this._requestCommunity = requestWrapper.defaults({","    jar: this._j","  });","","  this._requestAPI = requestWrapper;","","  this.APIKey = options.APIKey;","","  this.sessionID = options.sessionID;","","  options.webCookie.forEach(function(name) {","    setCookie.bind(this)(name);","  }.bind(this));","};","","SteamTradeOffers.prototype.getOfferToken = function(callback) {","  this.getOfferUrl(function(error, offerUrl) {","    if (error) {","      return callback(error);","    }","","    var offerToken = url.parse(offerUrl, true).query.token;","    callback(null, offerToken);","  });","};","","SteamTradeOffers.prototype.getOfferUrl = function(callback) {","  this._requestCommunity.get({","    // http because Steam CDN is broken","    uri: 'http://steamcommunity.com/my/tradeoffers/privacy'","  }, function(error, response, body) {","    if (error || (response && response.statusCode !== 200)) {","      return callback(error || new Error(response.statusCode));","    }","    if (!body) {","      return callback(new Error('Invalid Response'));","    }","","    var $ = cheerio.load(body);","    var offerUrl = $('input#trade_offer_access_url').val();","","    if (!offerUrl) {","      return callback(new Error('Invalid Response'));","    }","","    callback(null, offerUrl);","  }.bind(this));","};","","SteamTradeOffers.prototype.getTradeHoldDuration = function(options, callback) {","  var url = communityURL + '/tradeoffer/' + options.tradeOfferId + '/';","","  getHoldDuration.bind(this)(url, callback);","};","","SteamTradeOffers.prototype.getHoldDuration = function(options, callback) {","  var query = {","    partner: options.partnerAccountId || toAccountId(options.partnerSteamId)","  };","","  if (options.accessToken) {","    query.token = options.accessToken;","  }","","  var url = communityURL + '/tradeoffer/new/?' + querystring.stringify(query);","","  getHoldDuration.bind(this)(url, callback);","};","","SteamTradeOffers.prototype.loadMyInventory = function(options, callback) {","  var query = {};","","  if (options.language) {","    query.l = options.language;","  }","","  if (options.tradableOnly !== false) {","    query.trading = 1;","  }","","  var uri = communityURL + '/my/inventory/json/' + options.appId +","    '/' + options.contextId + '/?' + querystring.stringify(query);","","  loadInventory.bind(this)({","    uri: uri,","    contextId: options.contextId","  }, callback);","};","","SteamTradeOffers.prototype.loadPartnerInventory = function(options, callback) {","  var form = {","    sessionid: this.sessionID,","    partner: options.partnerSteamId || toSteamId(options.partnerAccountId),","    appid: options.appId,","    contextid: options.contextId","  };","","  if (options.language) {","    form.l = options.language;","  }","","  var offer = 'new';","  if (options.tradeOfferId) {","    offer = options.tradeOfferId;","  }","","  var uri = communityURL + '/tradeoffer/' + offer +","    '/partnerinventory/?' + querystring.stringify(form);","","  loadInventory.bind(this)({","    uri: uri,","    headers: {","      referer: communityURL + '/tradeoffer/' + offer +","        '/?partner=' + toAccountId(form.partner)","    },","    contextId: options.contextId","  }, callback);","};","","SteamTradeOffers.prototype.getOffers = function(options, callback) {","  doAPICall.bind(this)({","    method: 'GetTradeOffers/v1',","    params: options,","    callback: function(error, res) {","      if (error) {","        return callback(error);","      }","","      if (res.response.trade_offers_received !== undefined) {","        res.response.trade_offers_received = res.response.trade_offers_received.map(function(offer) {","          offer.steamid_other = toSteamId(offer.accountid_other);","          return offer;","        });","      }","","      if (res.response.trade_offers_sent !== undefined) {","        res.response.trade_offers_sent = res.response.trade_offers_sent.map(function(offer) {","          offer.steamid_other = toSteamId(offer.accountid_other);","          return offer;","        });","      }","","      callback(null, res);","    }","  });","};","","SteamTradeOffers.prototype.getOffer = function(options, callback) {","  doAPICall.bind(this)({","    method: 'GetTradeOffer/v1',","    params: options,","    callback: function(error, res) {","      if (error) {","        return callback(error);","      }","","      if (res.response.offer !== undefined) {","        res.response.offer.steamid_other = toSteamId(res.response.offer.accountid_other);","      }","","      callback(null, res);","    }","  });","};","","SteamTradeOffers.prototype.getSummary = function(options, callback) {","  doAPICall.bind(this)({","    method: 'GetTradeOffersSummary/v1',","    params: options,","    callback: callback","  });","};","","SteamTradeOffers.prototype.declineOffer = function(options, callback) {","  doAPICall.bind(this)({","    method: 'DeclineTradeOffer/v1',","    params: {","      tradeofferid: options.tradeOfferId","    },","    post: true,","    callback: callback","  });","};","","SteamTradeOffers.prototype.cancelOffer = function(options, callback) {","  doAPICall.bind(this)({","    method: 'CancelTradeOffer/v1',","    params: {","      tradeofferid: options.tradeOfferId","    },","    post: true,","    callback: callback","  });","};","","SteamTradeOffers.prototype.acceptOffer = function(options, callback) {","  var cb = function () {","    if (typeof callback === 'function') {","      callback.apply(null, arguments);","    }","  };","","  var formFields = {","    sessionid: this.sessionID,","    serverid: 1,","    tradeofferid: options.tradeOfferId","  };","","  if (options.partnerSteamId) {","    formFields.partner = options.partnerSteamId;","  }","","  this._requestCommunity.post({","    uri: communityURL + '/tradeoffer/' + options.tradeOfferId + '/accept',","    headers: {","      referer: communityURL + '/tradeoffer/' + options.tradeOfferId + '/'","    },","    json: true,","    form: formFields","  }, function(error, response, body) {","    if (error) {","      return cb(error);","    }","    if (body && body.strError) {","      return cb(new Error(body.strError));","    }","    if (response && response.statusCode !== 200) {","      return cb(new Error(response.statusCode));","    }","    if (!body) {","      return cb(new Error('Invalid Response'));","    }","","    cb(null, body);","  }.bind(this));","};","","SteamTradeOffers.prototype.makeOffer = function(options, callback) {","  var cb = function () {","    if (typeof callback === 'function') {","      callback.apply(null, arguments);","    }","  };","","  var tradeoffer = {","    newversion: true,","    version: 2,","    me: { assets: options.itemsFromMe, currency: [], ready: false },","    them: { assets: options.itemsFromThem, currency: [], ready: false }","  };","","  var formFields = {","    serverid: 1,","    sessionid: this.sessionID,","    partner: options.partnerSteamId || toSteamId(options.partnerAccountId),","    tradeoffermessage: options.message || '',","    json_tradeoffer: JSON.stringify(tradeoffer)","  };","","  var query = {","    partner: options.partnerAccountId || toAccountId(options.partnerSteamId)","  };","","  if (options.accessToken !== undefined) {","    formFields.trade_offer_create_params = JSON.stringify({","      trade_offer_access_token: options.accessToken","    });","    query.token = options.accessToken;","  }","","  var referer;","  if (options.counteredTradeOffer !== undefined) {","    formFields.tradeofferid_countered = options.counteredTradeOffer;","    referer = communityURL + '/tradeoffer/' + options.counteredTradeOffer + '/';","  } else {","    referer = communityURL + '/tradeoffer/new/?' + querystring.stringify(query);","  }","","  this._requestCommunity.post({","    uri: communityURL + '/tradeoffer/new/send',","    headers: {","      referer: referer","    },","    json: true,","    form: formFields","  }, function(error, response, body) {","    if (error) {","      return cb(error);","    }","    if (body && body.strError) {","      return cb(new Error(body.strError));","    }","    if (response && response.statusCode !== 200) {","      return cb(new Error(response.statusCode));","    }","    if (!body) {","      return cb(new Error('Invalid Response'));","    }","","    cb(null, body);","  }.bind(this));","};","","SteamTradeOffers.prototype.getItems = function(options, callback) {","  // Derived from node-steam-trade","  // https://github.com/seishun/node-steam-trade/blob/master/index.js#L86-L119","  this._requestCommunity.get({","    uri: communityURL + '/trade/' + options.tradeId + '/receipt/'","  }, function(err, response, body) {","    if (err || (response && response.statusCode !== 200)) {","      return callback(err || new Error(response.statusCode));","    }","    if (!body) {","      return callback(new Error('Invalid Response'));","    }","","    var script = body.match(/(var oItem;[\\s\\S]*)<\\/script>/);","    if (!script) {","      return callback(new Error('No session'));","    }","","    var sandbox = {","      items: []","    };","","    // prepare to execute the script in new context","    var code = 'var UserYou;' +","      'function BuildHover(str, item) {' +","        'items.push(item);' +","      '}' +","      'function $() {' +","        'return {' +","          'show: function() {}' +","        '};' +","      '}' +","      script[1];","","    vm.runInNewContext(code, sandbox);","","    callback(null, sandbox.items);","  });","};","","function setCookie(cookie) {","  this._j.setCookie(request.cookie(cookie), communityURL);","}","","function toSteamId(accountId) {","  return new Long(parseInt(accountId, 10), 0x1100001).toString();","}","","function toAccountId(steamId) {","  return Long.fromString(steamId).toInt().toString();","}","","function mergeRawInventory (raw, rawBody) {","  var body = JSON.parse(JSON.stringify(rawBody));","  var rgInventory = raw.rgInventory || {};","  var rgCurrency = raw.rgCurrency || {};","  var rgDescriptions = raw.rgDescriptions || {};","","  return {","    rgInventory: mergeObjects(rgInventory, body.rgInventory),","    rgCurrency: mergeObjects(rgCurrency, body.rgCurrency),","    rgDescriptions: mergeObjects(rgDescriptions, body.rgDescriptions)","  };","}","","function mergeInventory(inventory, body, contextId) {","  return inventory.concat(","    mergeWithDescriptions(body.rgInventory, body.rgDescriptions, contextId)","      .concat(","        mergeWithDescriptions(body.rgCurrency, body.rgDescriptions, contextId)","      )","  );","}","","function mergeWithDescriptions(items, descriptions, contextid) {","  return Object.keys(items).map(function(id) {","    var item = items[id];","    var description = descriptions[item.classid + '_' + (item.instanceid || '0')];","    for (var key in description) {","      if (description.hasOwnProperty(key)) {","        item[key] = description[key];","      }","    }","    // add contextid because Steam is retarded","    item.contextid = contextid;","    return item;","  });","}","","function mergeObjects() {","  var result = {};","  for (var i = 0; i < arguments.length; i++) {","    for (var index in arguments[i]) {","      if (arguments[i].hasOwnProperty(index)) {","        result[index] = arguments[i][index];","      }","    }","  }","  return result;","}","","function loadInventory(options, callback) {","  options.inventory = options.inventory || [];","  options.raw = options.raw || {};","","  var requestParams = {","    uri: options.uri,","    json: true","  };","","  if (options.start) {","    requestParams.uri += '&start=' + options.start;","  }","","  if (options.headers) {","    requestParams.headers = options.headers;","  }","","  this._requestCommunity.get(requestParams, function(error, response, body) {","    if (error) {","      return callback(error);","    }","    if (body && body.error) {","      return callback(new Error(body.error));","    }","    if (response && response.statusCode !== 200) {","      return callback(new Error(response.statusCode));","    }","    if (!body || !body.rgInventory || !body.rgDescriptions || !body.rgCurrency) {","      return callback(new Error('Invalid Response'));","    }","","    options.raw = mergeRawInventory(options.raw, body);","    options.inventory = mergeInventory(options.inventory, body, options.contextId);","","    if (body.more) {","      options.start = body.more_start;","      loadInventory.bind(this)(options, callback);","    } else {","      callback(null, options.inventory, options.raw);","    }","  }.bind(this));","}","","function doAPICall(options) {","  var cb = function () {","    if (typeof options.callback === 'function') {","      options.callback.apply(null, arguments);","    }","  };","","  var httpMethod = options.post ? 'post' : 'get';","","  var params = {","    uri: 'https://api.steampowered.com/IEconService/' + options.method +","      '/?key=' + this.APIKey +","      ((options.post) ? '' : '&' + querystring.stringify(options.params)),","    json: true","  };","","  if (options.post) {","    params.form = options.params;","  }","","  this._requestAPI[httpMethod](params, function(error, response, body) {","    if (error || (response && response.statusCode !== 200)) {","      return cb(error || new Error(response.statusCode));","    }","    if (!body || typeof body !== 'object') {","      return cb(new Error('Invalid Response'));","    }","    cb(null, body);","  }.bind(this));","}","","function getHoldDuration (url, callback) {","  this._requestCommunity.get({","    uri: url","  }, function(error, response, body) {","    if (error || (response && response.statusCode !== 200)) {","      return callback(error || new Error(response.statusCode));","    }","    if (!body) {","      return callback(new Error('Invalid Response'));","    }","","    var $ = cheerio.load(body);","    var scriptToExec = '';","    var status = $('script').get().some(function (script) {","      if (!script.children[0]) {","        return false;","      }","      var text = script.children[0].data;","      if (/var g_daysMyEscrow/.test(text)) {","        scriptToExec = text;","        return true;","      }","      return false;","    });","","    if (!status) {","      var errorMsg;","","      if ($('#error_msg').length > 0) {","        errorMsg = $('#error_msg').text().trim();","      }","","      var message = errorMsg || 'Can\\'t get hold duration';","","      return callback(new Error(message));","    }","","    var sandbox = {","      data: {}","    };","","    // prepare to execute the script in new context","    var code = scriptToExec + ","      'data.my = g_daysMyEscrow;' +","      'data.their = g_daysTheirEscrow;';","","    vm.runInNewContext(code, sandbox);","","    callback(null, sandbox.data);","  }.bind(this));","}",""],"l":{"1":1,"3":1,"4":1,"5":1,"6":1,"7":1,"8":1,"10":1,"11":1,"13":1,"15":1,"16":0,"20":0,"21":0,"24":0,"25":0,"29":0,"31":0,"33":0,"35":0,"36":0,"40":1,"41":0,"42":0,"43":0,"46":0,"47":0,"51":1,"52":0,"56":0,"57":0,"59":0,"60":0,"63":0,"64":0,"66":0,"67":0,"70":0,"74":1,"75":0,"77":0,"80":1,"81":0,"85":0,"86":0,"89":0,"91":0,"94":1,"95":0,"97":0,"98":0,"101":0,"102":0,"105":0,"108":0,"114":1,"115":0,"122":0,"123":0,"126":0,"127":0,"128":0,"131":0,"134":0,"144":1,"145":0,"149":0,"150":0,"153":0,"154":0,"155":0,"156":0,"160":0,"161":0,"162":0,"163":0,"167":0,"172":1,"173":0,"177":0,"178":0,"181":0,"182":0,"185":0,"190":1,"191":0,"198":1,"199":0,"209":1,"210":0,"220":1,"221":0,"222":0,"223":0,"227":0,"233":0,"234":0,"237":0,"245":0,"246":0,"248":0,"249":0,"251":0,"252":0,"254":0,"255":0,"258":0,"262":1,"263":0,"264":0,"265":0,"269":0,"276":0,"284":0,"288":0,"289":0,"292":0,"295":0,"296":0,"297":0,"298":0,"300":0,"303":0,"311":0,"312":0,"314":0,"315":0,"317":0,"318":0,"320":0,"321":0,"324":0,"328":1,"331":0,"334":0,"335":0,"337":0,"338":0,"341":0,"342":0,"343":0,"346":0,"351":0,"362":0,"364":0,"368":1,"369":0,"372":1,"373":0,"376":1,"377":0,"380":1,"381":0,"382":0,"383":0,"384":0,"386":0,"393":1,"394":0,"402":1,"403":0,"404":0,"405":0,"406":0,"407":0,"408":0,"412":0,"413":0,"417":1,"418":0,"419":0,"420":0,"421":0,"422":0,"426":0,"429":1,"430":0,"431":0,"433":0,"438":0,"439":0,"442":0,"443":0,"446":0,"447":0,"448":0,"450":0,"451":0,"453":0,"454":0,"456":0,"457":0,"460":0,"461":0,"463":0,"464":0,"465":0,"467":0,"472":1,"473":0,"474":0,"475":0,"479":0,"481":0,"488":0,"489":0,"492":0,"493":0,"494":0,"496":0,"497":0,"499":0,"503":1,"504":0,"507":0,"508":0,"510":0,"511":0,"514":0,"515":0,"516":0,"517":0,"518":0,"520":0,"521":0,"522":0,"523":0,"525":0,"528":0,"529":0,"531":0,"532":0,"535":0,"537":0,"540":0,"545":0,"549":0,"551":0}}}